
 /----------------------------------------------------------------------------\
 |                                                                            |
 |  yosys -- Yosys Open SYnthesis Suite                                       |
 |                                                                            |
 |  Copyright (C) 2012 - 2020  Claire Xenia Wolf <claire@yosyshq.com>         |
 |                                                                            |
 |  Permission to use, copy, modify, and/or distribute this software for any  |
 |  purpose with or without fee is hereby granted, provided that the above    |
 |  copyright notice and this permission notice appear in all copies.         |
 |                                                                            |
 |  THE SOFTWARE IS PROVIDED "AS IS" AND THE AUTHOR DISCLAIMS ALL WARRANTIES  |
 |  WITH REGARD TO THIS SOFTWARE INCLUDING ALL IMPLIED WARRANTIES OF          |
 |  MERCHANTABILITY AND FITNESS. IN NO EVENT SHALL THE AUTHOR BE LIABLE FOR   |
 |  ANY SPECIAL, DIRECT, INDIRECT, OR CONSEQUENTIAL DAMAGES OR ANY DAMAGES    |
 |  WHATSOEVER RESULTING FROM LOSS OF USE, DATA OR PROFITS, WHETHER IN AN     |
 |  ACTION OF CONTRACT, NEGLIGENCE OR OTHER TORTIOUS ACTION, ARISING OUT OF   |
 |  OR IN CONNECTION WITH THE USE OR PERFORMANCE OF THIS SOFTWARE.            |
 |                                                                            |
 \----------------------------------------------------------------------------/

 Yosys 0.30+48 (git sha1 14d50a176d5, gcc 8.3.1 -fPIC -Os)

[TCL: yosys -import] Command name collision: found pre-existing command `cd' -> skip.
[TCL: yosys -import] Command name collision: found pre-existing command `eval' -> skip.
[TCL: yosys -import] Command name collision: found pre-existing command `exec' -> skip.
[TCL: yosys -import] Command name collision: found pre-existing command `read' -> skip.
[TCL: yosys -import] Command name collision: found pre-existing command `trace' -> skip.

1. Executing Verilog-2005 frontend: /home/shrey/ALU/src/alu.v
Parsing SystemVerilog input from `/home/shrey/ALU/src/alu.v' to AST representation.
Generating RTLIL representation for module `\alu'.
Successfully finished Verilog frontend.

2. Generating Graphviz representation of design.
Writing dot description to `/home/shrey/ALU/runs/RUN_2026.06.03_05.54.08/tmp/synthesis/hierarchy.dot'.
Dumping module alu to page 1.

3. Executing HIERARCHY pass (managing design hierarchy).

3.1. Analyzing design hierarchy..
Top module:  \alu

3.2. Analyzing design hierarchy..
Top module:  \alu
Removed 0 unused modules.

4. Executing TRIBUF pass.

5. Executing HIERARCHY pass (managing design hierarchy).

5.1. Analyzing design hierarchy..
Top module:  \alu

5.2. Analyzing design hierarchy..
Top module:  \alu
Removed 0 unused modules.

6. Executing PROC_CLEAN pass (remove empty switches from decision trees).
Cleaned up 0 empty switches.

7. Executing PROC_RMDEAD pass (remove dead branches from decision trees).
Removed 1 dead cases from process $proc$/home/shrey/ALU/src/alu.v:40$3 in module alu.
Marked 4 switch rules as full_case in process $proc$/home/shrey/ALU/src/alu.v:40$3 in module alu.
Removed a total of 1 dead cases.

8. Executing PROC_PRUNE pass (remove redundant assignments in processes).
Removed 0 redundant assignments.
Promoted 3 assignments to connections.

9. Executing PROC_INIT pass (extract init attributes).

10. Executing PROC_ARST pass (detect async resets in processes).

11. Executing PROC_ROM pass (convert switches to ROMs).
Converted 0 switches.
<suppressed ~4 debug messages>

12. Executing PROC_MUX pass (convert decision trees to multiplexers).
Creating decoders for process `\alu.$proc$/home/shrey/ALU/src/alu.v:40$3'.
     1/6: $2\Out[15:0]
     2/6: $1\e_bit[0:0]
     3/6: $2\overflow[0:0]
     4/6: $1\overflow[0:0]
     5/6: $1\Out[15:0]
     6/6: $3\overflow[0:0]

13. Executing PROC_DLATCH pass (convert process syncs to latches).
No latch inferred for signal `\alu.\Out' from process `\alu.$proc$/home/shrey/ALU/src/alu.v:40$3'.
No latch inferred for signal `\alu.\e_bit' from process `\alu.$proc$/home/shrey/ALU/src/alu.v:40$3'.
No latch inferred for signal `\alu.\overflow' from process `\alu.$proc$/home/shrey/ALU/src/alu.v:40$3'.

14. Executing PROC_DFF pass (convert process syncs to FFs).

15. Executing PROC_MEMWR pass (convert process memory writes to cells).

16. Executing PROC_CLEAN pass (remove empty switches from decision trees).
Found and cleaned up 4 empty switches in `\alu.$proc$/home/shrey/ALU/src/alu.v:40$3'.
Removing empty process `alu.$proc$/home/shrey/ALU/src/alu.v:40$3'.
Cleaned up 4 empty switches.

17. Executing CHECK pass (checking for obvious problems).
Checking module alu...
Found and reported 0 problems.

18. Executing OPT_EXPR pass (perform const folding).
Optimizing module alu.
<suppressed ~19 debug messages>

19. Executing FLATTEN pass (flatten design).

20. Executing OPT_EXPR pass (perform const folding).
Optimizing module alu.

21. Executing OPT_CLEAN pass (remove unused cells and wires).
Finding unused cells or wires in module \alu..
Removed 0 unused cells and 25 unused wires.
<suppressed ~1 debug messages>

22. Executing OPT pass (performing simple optimizations).

22.1. Executing OPT_EXPR pass (perform const folding).
Optimizing module alu.

22.2. Executing OPT_MERGE pass (detect identical cells).
Finding identical cells in module `\alu'.
<suppressed ~120 debug messages>
Removed a total of 40 cells.

22.3. Executing OPT_MUXTREE pass (detect dead branches in mux trees).
Running muxtree optimizer on module \alu..
  Creating internal representation of mux trees.
  Evaluating internal representation of mux trees.
  Analyzing evaluation results.
    dead port 2/2 on $mux $procmux$149.
    dead port 2/2 on $mux $procmux$59.
    dead port 2/2 on $mux $procmux$96.
Removed 3 multiplexer ports.
<suppressed ~3 debug messages>

22.4. Executing OPT_REDUCE pass (consolidate $*mux and $reduce_* inputs).
  Optimizing cells in module \alu.
    New ctrl vector for $pmux cell $procmux$61: { $procmux$114_CMP $procmux$113_CMP $procmux$112_CMP $procmux$110_CMP $procmux$109_CMP $auto$opt_reduce.cc:134:opt_pmux$152 }
    New ctrl vector for $pmux cell $procmux$98: { $procmux$114_CMP $procmux$113_CMP $auto$opt_reduce.cc:134:opt_pmux$154 }
  Optimizing cells in module \alu.
Performed a total of 2 changes.

22.5. Executing OPT_MERGE pass (detect identical cells).
Finding identical cells in module `\alu'.
Removed a total of 0 cells.

22.6. Executing OPT_DFF pass (perform DFF optimizations).

22.7. Executing OPT_CLEAN pass (remove unused cells and wires).
Finding unused cells or wires in module \alu..
Removed 0 unused cells and 43 unused wires.
<suppressed ~1 debug messages>

22.8. Executing OPT_EXPR pass (perform const folding).
Optimizing module alu.

22.9. Rerunning OPT passes. (Maybe there is more to do..)

22.10. Executing OPT_MUXTREE pass (detect dead branches in mux trees).
Running muxtree optimizer on module \alu..
  Creating internal representation of mux trees.
  Evaluating internal representation of mux trees.
  Analyzing evaluation results.
Removed 0 multiplexer ports.
<suppressed ~3 debug messages>

22.11. Executing OPT_REDUCE pass (consolidate $*mux and $reduce_* inputs).
  Optimizing cells in module \alu.
Performed a total of 0 changes.

22.12. Executing OPT_MERGE pass (detect identical cells).
Finding identical cells in module `\alu'.
Removed a total of 0 cells.

22.13. Executing OPT_DFF pass (perform DFF optimizations).

22.14. Executing OPT_CLEAN pass (remove unused cells and wires).
Finding unused cells or wires in module \alu..

22.15. Executing OPT_EXPR pass (perform const folding).
Optimizing module alu.

22.16. Finished OPT passes. (There is nothing left to do.)

23. Executing FSM pass (extract and optimize FSM).

23.1. Executing FSM_DETECT pass (finding FSMs in design).

23.2. Executing FSM_EXTRACT pass (extracting FSM from design).

23.3. Executing FSM_OPT pass (simple optimizations of FSMs).

23.4. Executing OPT_CLEAN pass (remove unused cells and wires).
Finding unused cells or wires in module \alu..

23.5. Executing FSM_OPT pass (simple optimizations of FSMs).

23.6. Executing FSM_RECODE pass (re-assigning FSM state encoding).

23.7. Executing FSM_INFO pass (dumping all available information on FSM cells).

23.8. Executing FSM_MAP pass (mapping FSMs to basic logic).

24. Executing OPT pass (performing simple optimizations).

24.1. Executing OPT_EXPR pass (perform const folding).
Optimizing module alu.

24.2. Executing OPT_MERGE pass (detect identical cells).
Finding identical cells in module `\alu'.
Removed a total of 0 cells.

24.3. Executing OPT_MUXTREE pass (detect dead branches in mux trees).
Running muxtree optimizer on module \alu..
  Creating internal representation of mux trees.
  Evaluating internal representation of mux trees.
  Analyzing evaluation results.
Removed 0 multiplexer ports.
<suppressed ~3 debug messages>

24.4. Executing OPT_REDUCE pass (consolidate $*mux and $reduce_* inputs).
  Optimizing cells in module \alu.
Performed a total of 0 changes.

24.5. Executing OPT_MERGE pass (detect identical cells).
Finding identical cells in module `\alu'.
Removed a total of 0 cells.

24.6. Executing OPT_DFF pass (perform DFF optimizations).

24.7. Executing OPT_CLEAN pass (remove unused cells and wires).
Finding unused cells or wires in module \alu..

24.8. Executing OPT_EXPR pass (perform const folding).
Optimizing module alu.

24.9. Finished OPT passes. (There is nothing left to do.)

25. Executing WREDUCE pass (reducing word size of cells).
Removed top 1 bits (of 17) from port A of cell alu.$add$/home/shrey/ALU/src/alu.v:35$1 ($add).
Removed top 1 bits (of 17) from port B of cell alu.$add$/home/shrey/ALU/src/alu.v:35$1 ($add).
Removed top 1 bits (of 17) from port A of cell alu.$sub$/home/shrey/ALU/src/alu.v:38$2 ($sub).
Removed top 1 bits (of 17) from port B of cell alu.$sub$/home/shrey/ALU/src/alu.v:38$2 ($sub).
Removed top 15 bits (of 16) from mux cell alu.$ternary$/home/shrey/ALU/src/alu.v:137$41 ($mux).
Removed top 15 bits (of 16) from port B of cell alu.$add$/home/shrey/ALU/src/alu.v:143$43 ($add).
Removed top 1 bits (of 4) from port B of cell alu.$procmux$107_CMP0 ($eq).
Removed top 1 bits (of 4) from port B of cell alu.$procmux$108_CMP0 ($eq).
Removed top 1 bits (of 4) from port B of cell alu.$procmux$109_CMP0 ($eq).
Removed top 1 bits (of 4) from port B of cell alu.$procmux$110_CMP0 ($eq).
Removed top 2 bits (of 4) from port B of cell alu.$procmux$111_CMP0 ($eq).
Removed top 2 bits (of 4) from port B of cell alu.$procmux$112_CMP0 ($eq).
Removed top 3 bits (of 4) from port B of cell alu.$procmux$113_CMP0 ($eq).
Removed top 15 bits (of 16) from wire alu.$ternary$/home/shrey/ALU/src/alu.v:137$41_Y.

26. Executing PEEPOPT pass (run peephole optimizers).

27. Executing OPT_CLEAN pass (remove unused cells and wires).
Finding unused cells or wires in module \alu..
Removed 0 unused cells and 1 unused wires.
<suppressed ~1 debug messages>

28. Executing ALUMACC pass (create $alu and $macc cells).
Extracting $alu and $macc cells in module alu:
  creating $macc model for $add$/home/shrey/ALU/src/alu.v:143$43 ($add).
  creating $macc model for $add$/home/shrey/ALU/src/alu.v:35$1 ($add).
  creating $macc model for $mul$/home/shrey/ALU/src/alu.v:63$26 ($mul).
  creating $macc model for $sub$/home/shrey/ALU/src/alu.v:38$2 ($sub).
  creating $alu model for $macc $sub$/home/shrey/ALU/src/alu.v:38$2.
  creating $alu model for $macc $add$/home/shrey/ALU/src/alu.v:35$1.
  creating $alu model for $macc $add$/home/shrey/ALU/src/alu.v:143$43.
  creating $macc cell for $mul$/home/shrey/ALU/src/alu.v:63$26: $auto$alumacc.cc:365:replace_macc$156
  creating $alu model for $gt$/home/shrey/ALU/src/alu.v:137$40 ($gt): merged with $sub$/home/shrey/ALU/src/alu.v:38$2.
  creating $alu cell for $add$/home/shrey/ALU/src/alu.v:143$43: $auto$alumacc.cc:485:replace_alu$157
  creating $alu cell for $add$/home/shrey/ALU/src/alu.v:35$1: $auto$alumacc.cc:485:replace_alu$160
  creating $alu cell for $sub$/home/shrey/ALU/src/alu.v:38$2, $gt$/home/shrey/ALU/src/alu.v:137$40: $auto$alumacc.cc:485:replace_alu$163
  created 3 $alu and 1 $macc cells.

29. Executing SHARE pass (SAT-based resource sharing).

30. Executing OPT pass (performing simple optimizations).

30.1. Executing OPT_EXPR pass (perform const folding).
Optimizing module alu.
<suppressed ~1 debug messages>

30.2. Executing OPT_MERGE pass (detect identical cells).
Finding identical cells in module `\alu'.
Removed a total of 0 cells.

30.3. Executing OPT_MUXTREE pass (detect dead branches in mux trees).
Running muxtree optimizer on module \alu..
  Creating internal representation of mux trees.
  Evaluating internal representation of mux trees.
  Analyzing evaluation results.
Removed 0 multiplexer ports.
<suppressed ~3 debug messages>

30.4. Executing OPT_REDUCE pass (consolidate $*mux and $reduce_* inputs).
  Optimizing cells in module \alu.
Performed a total of 0 changes.

30.5. Executing OPT_MERGE pass (detect identical cells).
Finding identical cells in module `\alu'.
Removed a total of 0 cells.

30.6. Executing OPT_DFF pass (perform DFF optimizations).

30.7. Executing OPT_CLEAN pass (remove unused cells and wires).
Finding unused cells or wires in module \alu..
Removed 1 unused cells and 2 unused wires.
<suppressed ~2 debug messages>

30.8. Executing OPT_EXPR pass (perform const folding).
Optimizing module alu.

30.9. Rerunning OPT passes. (Maybe there is more to do..)

30.10. Executing OPT_MUXTREE pass (detect dead branches in mux trees).
Running muxtree optimizer on module \alu..
  Creating internal representation of mux trees.
  Evaluating internal representation of mux trees.
  Analyzing evaluation results.
Removed 0 multiplexer ports.
<suppressed ~3 debug messages>

30.11. Executing OPT_REDUCE pass (consolidate $*mux and $reduce_* inputs).
  Optimizing cells in module \alu.
Performed a total of 0 changes.

30.12. Executing OPT_MERGE pass (detect identical cells).
Finding identical cells in module `\alu'.
Removed a total of 0 cells.

30.13. Executing OPT_DFF pass (perform DFF optimizations).

30.14. Executing OPT_CLEAN pass (remove unused cells and wires).
Finding unused cells or wires in module \alu..

30.15. Executing OPT_EXPR pass (perform const folding).
Optimizing module alu.

30.16. Finished OPT passes. (There is nothing left to do.)

31. Executing MEMORY pass.

31.1. Executing OPT_MEM pass (optimize memories).
Performed a total of 0 transformations.

31.2. Executing OPT_MEM_PRIORITY pass (removing unnecessary memory write priority relations).
Performed a total of 0 transformations.

31.3. Executing OPT_MEM_FEEDBACK pass (finding memory read-to-write feedback paths).

31.4. Executing MEMORY_BMUX2ROM pass (converting muxes to ROMs).

31.5. Executing MEMORY_DFF pass (merging $dff cells to $memrd).

31.6. Executing OPT_CLEAN pass (remove unused cells and wires).
Finding unused cells or wires in module \alu..

31.7. Executing MEMORY_SHARE pass (consolidating $memrd/$memwr cells).

31.8. Executing OPT_MEM_WIDEN pass (optimize memories where all ports are wide).
Performed a total of 0 transformations.

31.9. Executing OPT_CLEAN pass (remove unused cells and wires).
Finding unused cells or wires in module \alu..

31.10. Executing MEMORY_COLLECT pass (generating $mem cells).

32. Executing OPT_CLEAN pass (remove unused cells and wires).
Finding unused cells or wires in module \alu..

33. Executing OPT pass (performing simple optimizations).

33.1. Executing OPT_EXPR pass (perform const folding).
Optimizing module alu.
<suppressed ~6 debug messages>

33.2. Executing OPT_MERGE pass (detect identical cells).
Finding identical cells in module `\alu'.
Removed a total of 0 cells.

33.3. Executing OPT_DFF pass (perform DFF optimizations).

33.4. Executing OPT_CLEAN pass (remove unused cells and wires).
Finding unused cells or wires in module \alu..
Removed 1 unused cells and 3 unused wires.
<suppressed ~2 debug messages>

33.5. Finished fast OPT passes.

34. Executing MEMORY_MAP pass (converting memories to logic and flip-flops).

35. Executing OPT pass (performing simple optimizations).

35.1. Executing OPT_EXPR pass (perform const folding).
Optimizing module alu.

35.2. Executing OPT_MERGE pass (detect identical cells).
Finding identical cells in module `\alu'.
Removed a total of 0 cells.

35.3. Executing OPT_MUXTREE pass (detect dead branches in mux trees).
Running muxtree optimizer on module \alu..
  Creating internal representation of mux trees.
  Evaluating internal representation of mux trees.
  Analyzing evaluation results.
Removed 0 multiplexer ports.
<suppressed ~3 debug messages>

35.4. Executing OPT_REDUCE pass (consolidate $*mux and $reduce_* inputs).
  Optimizing cells in module \alu.
Performed a total of 0 changes.

35.5. Executing OPT_MERGE pass (detect identical cells).
Finding identical cells in module `\alu'.
Removed a total of 0 cells.

35.6. Executing OPT_SHARE pass.

35.7. Executing OPT_DFF pass (perform DFF optimizations).

35.8. Executing OPT_CLEAN pass (remove unused cells and wires).
Finding unused cells or wires in module \alu..

35.9. Executing OPT_EXPR pass (perform const folding).
Optimizing module alu.

35.10. Finished OPT passes. (There is nothing left to do.)

36. Executing TECHMAP pass (map to technology primitives).

36.1. Executing Verilog-2005 frontend: /build/bin/../share/yosys/techmap.v
Parsing Verilog input from `/build/bin/../share/yosys/techmap.v' to AST representation.
Generating RTLIL representation for module `\_90_simplemap_bool_ops'.
Generating RTLIL representation for module `\_90_simplemap_reduce_ops'.
Generating RTLIL representation for module `\_90_simplemap_logic_ops'.
Generating RTLIL representation for module `\_90_simplemap_compare_ops'.
Generating RTLIL representation for module `\_90_simplemap_various'.
Generating RTLIL representation for module `\_90_simplemap_registers'.
Generating RTLIL representation for module `\_90_shift_ops_shr_shl_sshl_sshr'.
Generating RTLIL representation for module `\_90_shift_shiftx'.
Generating RTLIL representation for module `\_90_fa'.
Generating RTLIL representation for module `\_90_lcu'.
Generating RTLIL representation for module `\_90_alu'.
Generating RTLIL representation for module `\_90_macc'.
Generating RTLIL representation for module `\_90_alumacc'.
Generating RTLIL representation for module `\$__div_mod_u'.
Generating RTLIL representation for module `\$__div_mod_trunc'.
Generating RTLIL representation for module `\_90_div'.
Generating RTLIL representation for module `\_90_mod'.
Generating RTLIL representation for module `\$__div_mod_floor'.
Generating RTLIL representation for module `\_90_divfloor'.
Generating RTLIL representation for module `\_90_modfloor'.
Generating RTLIL representation for module `\_90_pow'.
Generating RTLIL representation for module `\_90_pmux'.
Generating RTLIL representation for module `\_90_demux'.
Generating RTLIL representation for module `\_90_lut'.
Successfully finished Verilog frontend.

36.2. Continuing TECHMAP pass.
Using template $paramod$081ba1a4a7201ecdb44563d3c3bd7013d1ebf4eb\_90_alu for cells of type $alu.
Using extmapper simplemap for cells of type $not.
Using extmapper simplemap for cells of type $logic_and.
Using extmapper simplemap for cells of type $logic_or.
Using template $paramod$2af30114e9bd4ccb04dad757b3f0a8f6bf0615b0\_90_alu for cells of type $alu.
Using extmapper simplemap for cells of type $reduce_bool.
Using template $paramod$6df0329addda9228fcc2546de2aaf14ad26c98e1\_90_div for cells of type $div.
Using extmapper simplemap for cells of type $and.
Using extmapper simplemap for cells of type $or.
Using extmapper simplemap for cells of type $xor.
Using extmapper maccmap for cells of type $macc.
  add \A * \B (16x16 bits, unsigned)
Using extmapper simplemap for cells of type $mux.
Using template $paramod$2407ada40cc3dda6c6015be2b49b748cddb5a800\_90_pmux for cells of type $pmux.
Using extmapper simplemap for cells of type $reduce_or.
Using template $paramod$c5c783b17ab1d780abfad8cfe6563a0a7b47a3b0\_90_pmux for cells of type $pmux.
Using extmapper simplemap for cells of type $eq.
Using template $paramod$e85bcdd999a9f7e1064fcb77207041270947b77a\_90_pmux for cells of type $pmux.
Using extmapper simplemap for cells of type $reduce_and.
Using template $paramod\_90_lcu\WIDTH=32'00000000000000000000000000010001 for cells of type $lcu.
Using extmapper simplemap for cells of type $pos.
Using template $paramod\_90_lcu\WIDTH=32'00000000000000000000000000010000 for cells of type $lcu.
Using template $paramod$6df0329addda9228fcc2546de2aaf14ad26c98e1\$__div_mod_trunc for cells of type $__div_mod_trunc.
Using template $paramod\_90_fa\WIDTH=32'00000000000000000000000000010001 for cells of type $fa.
Using template $paramod$3bb72ad0665cdca279bbc49ed6a39f403f16497f\_90_alu for cells of type $alu.
Running "alumacc" on wrapper $extern:wrap:$neg:Y_WIDTH=16:A_WIDTH=16:A_SIGNED=0:394426c56d1a028ba8fdd5469b163e04011def47.
Using template $extern:wrap:$neg:Y_WIDTH=16:A_WIDTH=16:A_SIGNED=0:394426c56d1a028ba8fdd5469b163e04011def47 for cells of type $extern:wrap:$neg:Y_WIDTH=16:A_WIDTH=16:A_SIGNED=0:394426c56d1a028ba8fdd5469b163e04011def47.
Using extmapper simplemap for cells of type $ne.
Using template $paramod\$__div_mod_u\WIDTH=32'00000000000000000000000000010000 for cells of type $__div_mod_u.
Using template $paramod$02488ff6fa51b28bbfa470bdd9b0e548b3357746\_90_alu for cells of type $alu.
Running "alumacc" on wrapper $extern:wrap:$sub:Y_WIDTH=16:B_WIDTH=16:A_WIDTH=16:B_SIGNED=0:A_SIGNED=0:394426c56d1a028ba8fdd5469b163e04011def47.
Using template $extern:wrap:$sub:Y_WIDTH=16:B_WIDTH=16:A_WIDTH=16:B_SIGNED=0:A_SIGNED=0:394426c56d1a028ba8fdd5469b163e04011def47 for cells of type $extern:wrap:$sub:Y_WIDTH=16:B_WIDTH=16:A_WIDTH=16:B_SIGNED=0:A_SIGNED=0:394426c56d1a028ba8fdd5469b163e04011def47.
Running "alumacc" on wrapper $extern:wrap:$ge:Y_WIDTH=1:B_WIDTH=16:A_WIDTH=16:B_SIGNED=0:A_SIGNED=0:394426c56d1a028ba8fdd5469b163e04011def47.
Using template $extern:wrap:$ge:Y_WIDTH=1:B_WIDTH=16:A_WIDTH=16:B_SIGNED=0:A_SIGNED=0:394426c56d1a028ba8fdd5469b163e04011def47 for cells of type $extern:wrap:$ge:Y_WIDTH=1:B_WIDTH=16:A_WIDTH=16:B_SIGNED=0:A_SIGNED=0:394426c56d1a028ba8fdd5469b163e04011def47.
Running "alumacc" on wrapper $extern:wrap:$sub:Y_WIDTH=17:B_WIDTH=17:A_WIDTH=16:B_SIGNED=0:A_SIGNED=0:394426c56d1a028ba8fdd5469b163e04011def47.
Using template $extern:wrap:$sub:Y_WIDTH=17:B_WIDTH=17:A_WIDTH=16:B_SIGNED=0:A_SIGNED=0:394426c56d1a028ba8fdd5469b163e04011def47 for cells of type $extern:wrap:$sub:Y_WIDTH=17:B_WIDTH=17:A_WIDTH=16:B_SIGNED=0:A_SIGNED=0:394426c56d1a028ba8fdd5469b163e04011def47.
Running "alumacc" on wrapper $extern:wrap:$ge:Y_WIDTH=1:B_WIDTH=17:A_WIDTH=16:B_SIGNED=0:A_SIGNED=0:394426c56d1a028ba8fdd5469b163e04011def47.
Using template $extern:wrap:$ge:Y_WIDTH=1:B_WIDTH=17:A_WIDTH=16:B_SIGNED=0:A_SIGNED=0:394426c56d1a028ba8fdd5469b163e04011def47 for cells of type $extern:wrap:$ge:Y_WIDTH=1:B_WIDTH=17:A_WIDTH=16:B_SIGNED=0:A_SIGNED=0:394426c56d1a028ba8fdd5469b163e04011def47.
Running "alumacc" on wrapper $extern:wrap:$sub:Y_WIDTH=18:B_WIDTH=18:A_WIDTH=16:B_SIGNED=0:A_SIGNED=0:394426c56d1a028ba8fdd5469b163e04011def47.
Using template $extern:wrap:$sub:Y_WIDTH=18:B_WIDTH=18:A_WIDTH=16:B_SIGNED=0:A_SIGNED=0:394426c56d1a028ba8fdd5469b163e04011def47 for cells of type $extern:wrap:$sub:Y_WIDTH=18:B_WIDTH=18:A_WIDTH=16:B_SIGNED=0:A_SIGNED=0:394426c56d1a028ba8fdd5469b163e04011def47.
Running "alumacc" on wrapper $extern:wrap:$ge:Y_WIDTH=1:B_WIDTH=18:A_WIDTH=16:B_SIGNED=0:A_SIGNED=0:394426c56d1a028ba8fdd5469b163e04011def47.
Using template $extern:wrap:$ge:Y_WIDTH=1:B_WIDTH=18:A_WIDTH=16:B_SIGNED=0:A_SIGNED=0:394426c56d1a028ba8fdd5469b163e04011def47 for cells of type $extern:wrap:$ge:Y_WIDTH=1:B_WIDTH=18:A_WIDTH=16:B_SIGNED=0:A_SIGNED=0:394426c56d1a028ba8fdd5469b163e04011def47.
Running "alumacc" on wrapper $extern:wrap:$sub:Y_WIDTH=19:B_WIDTH=19:A_WIDTH=16:B_SIGNED=0:A_SIGNED=0:394426c56d1a028ba8fdd5469b163e04011def47.
Using template $extern:wrap:$sub:Y_WIDTH=19:B_WIDTH=19:A_WIDTH=16:B_SIGNED=0:A_SIGNED=0:394426c56d1a028ba8fdd5469b163e04011def47 for cells of type $extern:wrap:$sub:Y_WIDTH=19:B_WIDTH=19:A_WIDTH=16:B_SIGNED=0:A_SIGNED=0:394426c56d1a028ba8fdd5469b163e04011def47.
Running "alumacc" on wrapper $extern:wrap:$ge:Y_WIDTH=1:B_WIDTH=19:A_WIDTH=16:B_SIGNED=0:A_SIGNED=0:394426c56d1a028ba8fdd5469b163e04011def47.
Using template $extern:wrap:$ge:Y_WIDTH=1:B_WIDTH=19:A_WIDTH=16:B_SIGNED=0:A_SIGNED=0:394426c56d1a028ba8fdd5469b163e04011def47 for cells of type $extern:wrap:$ge:Y_WIDTH=1:B_WIDTH=19:A_WIDTH=16:B_SIGNED=0:A_SIGNED=0:394426c56d1a028ba8fdd5469b163e04011def47.
Running "alumacc" on wrapper $extern:wrap:$sub:Y_WIDTH=20:B_WIDTH=20:A_WIDTH=16:B_SIGNED=0:A_SIGNED=0:394426c56d1a028ba8fdd5469b163e04011def47.
Using template $extern:wrap:$sub:Y_WIDTH=20:B_WIDTH=20:A_WIDTH=16:B_SIGNED=0:A_SIGNED=0:394426c56d1a028ba8fdd5469b163e04011def47 for cells of type $extern:wrap:$sub:Y_WIDTH=20:B_WIDTH=20:A_WIDTH=16:B_SIGNED=0:A_SIGNED=0:394426c56d1a028ba8fdd5469b163e04011def47.
Running "alumacc" on wrapper $extern:wrap:$ge:Y_WIDTH=1:B_WIDTH=20:A_WIDTH=16:B_SIGNED=0:A_SIGNED=0:394426c56d1a028ba8fdd5469b163e04011def47.
Using template $extern:wrap:$ge:Y_WIDTH=1:B_WIDTH=20:A_WIDTH=16:B_SIGNED=0:A_SIGNED=0:394426c56d1a028ba8fdd5469b163e04011def47 for cells of type $extern:wrap:$ge:Y_WIDTH=1:B_WIDTH=20:A_WIDTH=16:B_SIGNED=0:A_SIGNED=0:394426c56d1a028ba8fdd5469b163e04011def47.
Running "alumacc" on wrapper $extern:wrap:$sub:Y_WIDTH=21:B_WIDTH=21:A_WIDTH=16:B_SIGNED=0:A_SIGNED=0:394426c56d1a028ba8fdd5469b163e04011def47.
Using template $extern:wrap:$sub:Y_WIDTH=21:B_WIDTH=21:A_WIDTH=16:B_SIGNED=0:A_SIGNED=0:394426c56d1a028ba8fdd5469b163e04011def47 for cells of type $extern:wrap:$sub:Y_WIDTH=21:B_WIDTH=21:A_WIDTH=16:B_SIGNED=0:A_SIGNED=0:394426c56d1a028ba8fdd5469b163e04011def47.
Running "alumacc" on wrapper $extern:wrap:$ge:Y_WIDTH=1:B_WIDTH=21:A_WIDTH=16:B_SIGNED=0:A_SIGNED=0:394426c56d1a028ba8fdd5469b163e04011def47.
Using template $extern:wrap:$ge:Y_WIDTH=1:B_WIDTH=21:A_WIDTH=16:B_SIGNED=0:A_SIGNED=0:394426c56d1a028ba8fdd5469b163e04011def47 for cells of type $extern:wrap:$ge:Y_WIDTH=1:B_WIDTH=21:A_WIDTH=16:B_SIGNED=0:A_SIGNED=0:394426c56d1a028ba8fdd5469b163e04011def47.
Running "alumacc" on wrapper $extern:wrap:$sub:Y_WIDTH=22:B_WIDTH=22:A_WIDTH=16:B_SIGNED=0:A_SIGNED=0:394426c56d1a028ba8fdd5469b163e04011def47.
Using template $extern:wrap:$sub:Y_WIDTH=22:B_WIDTH=22:A_WIDTH=16:B_SIGNED=0:A_SIGNED=0:394426c56d1a028ba8fdd5469b163e04011def47 for cells of type $extern:wrap:$sub:Y_WIDTH=22:B_WIDTH=22:A_WIDTH=16:B_SIGNED=0:A_SIGNED=0:394426c56d1a028ba8fdd5469b163e04011def47.
Running "alumacc" on wrapper $extern:wrap:$ge:Y_WIDTH=1:B_WIDTH=22:A_WIDTH=16:B_SIGNED=0:A_SIGNED=0:394426c56d1a028ba8fdd5469b163e04011def47.
Using template $extern:wrap:$ge:Y_WIDTH=1:B_WIDTH=22:A_WIDTH=16:B_SIGNED=0:A_SIGNED=0:394426c56d1a028ba8fdd5469b163e04011def47 for cells of type $extern:wrap:$ge:Y_WIDTH=1:B_WIDTH=22:A_WIDTH=16:B_SIGNED=0:A_SIGNED=0:394426c56d1a028ba8fdd5469b163e04011def47.
Running "alumacc" on wrapper $extern:wrap:$sub:Y_WIDTH=23:B_WIDTH=23:A_WIDTH=16:B_SIGNED=0:A_SIGNED=0:394426c56d1a028ba8fdd5469b163e04011def47.
Using template $extern:wrap:$sub:Y_WIDTH=23:B_WIDTH=23:A_WIDTH=16:B_SIGNED=0:A_SIGNED=0:394426c56d1a028ba8fdd5469b163e04011def47 for cells of type $extern:wrap:$sub:Y_WIDTH=23:B_WIDTH=23:A_WIDTH=16:B_SIGNED=0:A_SIGNED=0:394426c56d1a028ba8fdd5469b163e04011def47.
Running "alumacc" on wrapper $extern:wrap:$ge:Y_WIDTH=1:B_WIDTH=23:A_WIDTH=16:B_SIGNED=0:A_SIGNED=0:394426c56d1a028ba8fdd5469b163e04011def47.
Using template $extern:wrap:$ge:Y_WIDTH=1:B_WIDTH=23:A_WIDTH=16:B_SIGNED=0:A_SIGNED=0:394426c56d1a028ba8fdd5469b163e04011def47 for cells of type $extern:wrap:$ge:Y_WIDTH=1:B_WIDTH=23:A_WIDTH=16:B_SIGNED=0:A_SIGNED=0:394426c56d1a028ba8fdd5469b163e04011def47.
Running "alumacc" on wrapper $extern:wrap:$sub:Y_WIDTH=24:B_WIDTH=24:A_WIDTH=16:B_SIGNED=0:A_SIGNED=0:394426c56d1a028ba8fdd5469b163e04011def47.
Using template $extern:wrap:$sub:Y_WIDTH=24:B_WIDTH=24:A_WIDTH=16:B_SIGNED=0:A_SIGNED=0:394426c56d1a028ba8fdd5469b163e04011def47 for cells of type $extern:wrap:$sub:Y_WIDTH=24:B_WIDTH=24:A_WIDTH=16:B_SIGNED=0:A_SIGNED=0:394426c56d1a028ba8fdd5469b163e04011def47.
Running "alumacc" on wrapper $extern:wrap:$ge:Y_WIDTH=1:B_WIDTH=24:A_WIDTH=16:B_SIGNED=0:A_SIGNED=0:394426c56d1a028ba8fdd5469b163e04011def47.
Using template $extern:wrap:$ge:Y_WIDTH=1:B_WIDTH=24:A_WIDTH=16:B_SIGNED=0:A_SIGNED=0:394426c56d1a028ba8fdd5469b163e04011def47 for cells of type $extern:wrap:$ge:Y_WIDTH=1:B_WIDTH=24:A_WIDTH=16:B_SIGNED=0:A_SIGNED=0:394426c56d1a028ba8fdd5469b163e04011def47.
Running "alumacc" on wrapper $extern:wrap:$sub:Y_WIDTH=25:B_WIDTH=25:A_WIDTH=16:B_SIGNED=0:A_SIGNED=0:394426c56d1a028ba8fdd5469b163e04011def47.
Using template $extern:wrap:$sub:Y_WIDTH=25:B_WIDTH=25:A_WIDTH=16:B_SIGNED=0:A_SIGNED=0:394426c56d1a028ba8fdd5469b163e04011def47 for cells of type $extern:wrap:$sub:Y_WIDTH=25:B_WIDTH=25:A_WIDTH=16:B_SIGNED=0:A_SIGNED=0:394426c56d1a028ba8fdd5469b163e04011def47.
Running "alumacc" on wrapper $extern:wrap:$ge:Y_WIDTH=1:B_WIDTH=25:A_WIDTH=16:B_SIGNED=0:A_SIGNED=0:394426c56d1a028ba8fdd5469b163e04011def47.
Using template $extern:wrap:$ge:Y_WIDTH=1:B_WIDTH=25:A_WIDTH=16:B_SIGNED=0:A_SIGNED=0:394426c56d1a028ba8fdd5469b163e04011def47 for cells of type $extern:wrap:$ge:Y_WIDTH=1:B_WIDTH=25:A_WIDTH=16:B_SIGNED=0:A_SIGNED=0:394426c56d1a028ba8fdd5469b163e04011def47.
Running "alumacc" on wrapper $extern:wrap:$sub:Y_WIDTH=26:B_WIDTH=26:A_WIDTH=16:B_SIGNED=0:A_SIGNED=0:394426c56d1a028ba8fdd5469b163e04011def47.
Using template $extern:wrap:$sub:Y_WIDTH=26:B_WIDTH=26:A_WIDTH=16:B_SIGNED=0:A_SIGNED=0:394426c56d1a028ba8fdd5469b163e04011def47 for cells of type $extern:wrap:$sub:Y_WIDTH=26:B_WIDTH=26:A_WIDTH=16:B_SIGNED=0:A_SIGNED=0:394426c56d1a028ba8fdd5469b163e04011def47.
Running "alumacc" on wrapper $extern:wrap:$ge:Y_WIDTH=1:B_WIDTH=26:A_WIDTH=16:B_SIGNED=0:A_SIGNED=0:394426c56d1a028ba8fdd5469b163e04011def47.
Using template $extern:wrap:$ge:Y_WIDTH=1:B_WIDTH=26:A_WIDTH=16:B_SIGNED=0:A_SIGNED=0:394426c56d1a028ba8fdd5469b163e04011def47 for cells of type $extern:wrap:$ge:Y_WIDTH=1:B_WIDTH=26:A_WIDTH=16:B_SIGNED=0:A_SIGNED=0:394426c56d1a028ba8fdd5469b163e04011def47.
Running "alumacc" on wrapper $extern:wrap:$sub:Y_WIDTH=27:B_WIDTH=27:A_WIDTH=16:B_SIGNED=0:A_SIGNED=0:394426c56d1a028ba8fdd5469b163e04011def47.
Using template $extern:wrap:$sub:Y_WIDTH=27:B_WIDTH=27:A_WIDTH=16:B_SIGNED=0:A_SIGNED=0:394426c56d1a028ba8fdd5469b163e04011def47 for cells of type $extern:wrap:$sub:Y_WIDTH=27:B_WIDTH=27:A_WIDTH=16:B_SIGNED=0:A_SIGNED=0:394426c56d1a028ba8fdd5469b163e04011def47.
Running "alumacc" on wrapper $extern:wrap:$ge:Y_WIDTH=1:B_WIDTH=27:A_WIDTH=16:B_SIGNED=0:A_SIGNED=0:394426c56d1a028ba8fdd5469b163e04011def47.
Using template $extern:wrap:$ge:Y_WIDTH=1:B_WIDTH=27:A_WIDTH=16:B_SIGNED=0:A_SIGNED=0:394426c56d1a028ba8fdd5469b163e04011def47 for cells of type $extern:wrap:$ge:Y_WIDTH=1:B_WIDTH=27:A_WIDTH=16:B_SIGNED=0:A_SIGNED=0:394426c56d1a028ba8fdd5469b163e04011def47.
Running "alumacc" on wrapper $extern:wrap:$sub:Y_WIDTH=28:B_WIDTH=28:A_WIDTH=16:B_SIGNED=0:A_SIGNED=0:394426c56d1a028ba8fdd5469b163e04011def47.
Using template $extern:wrap:$sub:Y_WIDTH=28:B_WIDTH=28:A_WIDTH=16:B_SIGNED=0:A_SIGNED=0:394426c56d1a028ba8fdd5469b163e04011def47 for cells of type $extern:wrap:$sub:Y_WIDTH=28:B_WIDTH=28:A_WIDTH=16:B_SIGNED=0:A_SIGNED=0:394426c56d1a028ba8fdd5469b163e04011def47.
Running "alumacc" on wrapper $extern:wrap:$ge:Y_WIDTH=1:B_WIDTH=28:A_WIDTH=16:B_SIGNED=0:A_SIGNED=0:394426c56d1a028ba8fdd5469b163e04011def47.
Using template $extern:wrap:$ge:Y_WIDTH=1:B_WIDTH=28:A_WIDTH=16:B_SIGNED=0:A_SIGNED=0:394426c56d1a028ba8fdd5469b163e04011def47 for cells of type $extern:wrap:$ge:Y_WIDTH=1:B_WIDTH=28:A_WIDTH=16:B_SIGNED=0:A_SIGNED=0:394426c56d1a028ba8fdd5469b163e04011def47.
Running "alumacc" on wrapper $extern:wrap:$sub:Y_WIDTH=29:B_WIDTH=29:A_WIDTH=16:B_SIGNED=0:A_SIGNED=0:394426c56d1a028ba8fdd5469b163e04011def47.
Using template $extern:wrap:$sub:Y_WIDTH=29:B_WIDTH=29:A_WIDTH=16:B_SIGNED=0:A_SIGNED=0:394426c56d1a028ba8fdd5469b163e04011def47 for cells of type $extern:wrap:$sub:Y_WIDTH=29:B_WIDTH=29:A_WIDTH=16:B_SIGNED=0:A_SIGNED=0:394426c56d1a028ba8fdd5469b163e04011def47.
Running "alumacc" on wrapper $extern:wrap:$ge:Y_WIDTH=1:B_WIDTH=29:A_WIDTH=16:B_SIGNED=0:A_SIGNED=0:394426c56d1a028ba8fdd5469b163e04011def47.
Using template $extern:wrap:$ge:Y_WIDTH=1:B_WIDTH=29:A_WIDTH=16:B_SIGNED=0:A_SIGNED=0:394426c56d1a028ba8fdd5469b163e04011def47 for cells of type $extern:wrap:$ge:Y_WIDTH=1:B_WIDTH=29:A_WIDTH=16:B_SIGNED=0:A_SIGNED=0:394426c56d1a028ba8fdd5469b163e04011def47.
Running "alumacc" on wrapper $extern:wrap:$sub:Y_WIDTH=30:B_WIDTH=30:A_WIDTH=16:B_SIGNED=0:A_SIGNED=0:394426c56d1a028ba8fdd5469b163e04011def47.
Using template $extern:wrap:$sub:Y_WIDTH=30:B_WIDTH=30:A_WIDTH=16:B_SIGNED=0:A_SIGNED=0:394426c56d1a028ba8fdd5469b163e04011def47 for cells of type $extern:wrap:$sub:Y_WIDTH=30:B_WIDTH=30:A_WIDTH=16:B_SIGNED=0:A_SIGNED=0:394426c56d1a028ba8fdd5469b163e04011def47.
Running "alumacc" on wrapper $extern:wrap:$ge:Y_WIDTH=1:B_WIDTH=30:A_WIDTH=16:B_SIGNED=0:A_SIGNED=0:394426c56d1a028ba8fdd5469b163e04011def47.
Using template $extern:wrap:$ge:Y_WIDTH=1:B_WIDTH=30:A_WIDTH=16:B_SIGNED=0:A_SIGNED=0:394426c56d1a028ba8fdd5469b163e04011def47 for cells of type $extern:wrap:$ge:Y_WIDTH=1:B_WIDTH=30:A_WIDTH=16:B_SIGNED=0:A_SIGNED=0:394426c56d1a028ba8fdd5469b163e04011def47.
Running "alumacc" on wrapper $extern:wrap:$sub:Y_WIDTH=31:B_WIDTH=31:A_WIDTH=16:B_SIGNED=0:A_SIGNED=0:394426c56d1a028ba8fdd5469b163e04011def47.
Using template $extern:wrap:$sub:Y_WIDTH=31:B_WIDTH=31:A_WIDTH=16:B_SIGNED=0:A_SIGNED=0:394426c56d1a028ba8fdd5469b163e04011def47 for cells of type $extern:wrap:$sub:Y_WIDTH=31:B_WIDTH=31:A_WIDTH=16:B_SIGNED=0:A_SIGNED=0:394426c56d1a028ba8fdd5469b163e04011def47.
Running "alumacc" on wrapper $extern:wrap:$ge:Y_WIDTH=1:B_WIDTH=31:A_WIDTH=16:B_SIGNED=0:A_SIGNED=0:394426c56d1a028ba8fdd5469b163e04011def47.
Using template $extern:wrap:$ge:Y_WIDTH=1:B_WIDTH=31:A_WIDTH=16:B_SIGNED=0:A_SIGNED=0:394426c56d1a028ba8fdd5469b163e04011def47 for cells of type $extern:wrap:$ge:Y_WIDTH=1:B_WIDTH=31:A_WIDTH=16:B_SIGNED=0:A_SIGNED=0:394426c56d1a028ba8fdd5469b163e04011def47.
Using template $paramod$6df0329addda9228fcc2546de2aaf14ad26c98e1\_90_alu for cells of type $alu.
Using template $paramod$d66a711d7e97d14a7c7a9fd9e900c39b1fc36cfa\_90_alu for cells of type $alu.
Using template $paramod$8359f4ac8e08a95551ec17e9becbee696d87568d\_90_alu for cells of type $alu.
Using template $paramod$3e9f586ebf39197c9185418e155ec5725178e703\_90_alu for cells of type $alu.
Using template $paramod$99f84fe1e34117baf970301335fa146f92b93eb7\_90_alu for cells of type $alu.
Using template $paramod$10caef7eb223495dec7ca6c51abc18dbd379ce45\_90_alu for cells of type $alu.
Using template $paramod$6ae352d62dfc78ea1f63c7f3961ba142be4a2f93\_90_alu for cells of type $alu.
Using template $paramod$7bdc7d89ea9376c9c454fd05d9b64ca6288b61c9\_90_alu for cells of type $alu.
Using template $paramod$96a374a77d27fe2a5f65189ccd5c4d82c02f3e0c\_90_alu for cells of type $alu.
Using template $paramod$c01a73249af533291d6c07bc7dff8edfd9012ebf\_90_alu for cells of type $alu.
Using template $paramod$4dafc65fa46f14914da22e0fac43fee737cf5e98\_90_alu for cells of type $alu.
Using template $paramod$6514813ccfd0fbcd872b47be16e9bc3f005ba67f\_90_alu for cells of type $alu.
Using template $paramod$90cb621aa18d0bfc972ff6df82973fce6d62f25a\_90_alu for cells of type $alu.
Using template $paramod$28a6ec5648d14f65107108cc45dfc9433b8b29ab\_90_alu for cells of type $alu.
Using template $paramod$1b1e81b08462e7f621826ba0c290068af8e4e550\_90_alu for cells of type $alu.
Using template $paramod$1c5b0982e801b857faf786570d1281fe30bbf0dc\_90_alu for cells of type $alu.
Using template $paramod\_90_lcu\WIDTH=32'00000000000000000000000000010010 for cells of type $lcu.
Using template $paramod\_90_lcu\WIDTH=32'00000000000000000000000000010011 for cells of type $lcu.
Using template $paramod\_90_lcu\WIDTH=32'00000000000000000000000000010100 for cells of type $lcu.
Using template $paramod\_90_lcu\WIDTH=32'00000000000000000000000000010101 for cells of type $lcu.
Using template $paramod\_90_lcu\WIDTH=32'00000000000000000000000000010110 for cells of type $lcu.
Using template $paramod\_90_lcu\WIDTH=32'00000000000000000000000000010111 for cells of type $lcu.
Using template $paramod\_90_lcu\WIDTH=32'00000000000000000000000000011000 for cells of type $lcu.
Using template $paramod\_90_lcu\WIDTH=32'00000000000000000000000000011001 for cells of type $lcu.
Using template $paramod\_90_lcu\WIDTH=32'00000000000000000000000000011010 for cells of type $lcu.
Using template $paramod\_90_lcu\WIDTH=32'00000000000000000000000000011011 for cells of type $lcu.
Using template $paramod\_90_lcu\WIDTH=32'00000000000000000000000000011100 for cells of type $lcu.
Using template $paramod\_90_lcu\WIDTH=32'00000000000000000000000000011101 for cells of type $lcu.
Using template $paramod\_90_lcu\WIDTH=32'00000000000000000000000000011110 for cells of type $lcu.
Using template $paramod\_90_lcu\WIDTH=32'00000000000000000000000000011111 for cells of type $lcu.
No more expansions possible.
<suppressed ~7432 debug messages>

37. Executing OPT pass (performing simple optimizations).

37.1. Executing OPT_EXPR pass (perform const folding).
Optimizing module alu.
<suppressed ~4570 debug messages>

37.2. Executing OPT_MERGE pass (detect identical cells).
Finding identical cells in module `\alu'.
<suppressed ~9180 debug messages>
Removed a total of 3060 cells.

37.3. Executing OPT_DFF pass (perform DFF optimizations).

37.4. Executing OPT_CLEAN pass (remove unused cells and wires).
Finding unused cells or wires in module \alu..
Removed 586 unused cells and 4092 unused wires.
<suppressed ~587 debug messages>

37.5. Finished fast OPT passes.

38. Executing ABC pass (technology mapping using ABC).

38.1. Extracting gate netlist of module `\alu' to `<abc-temp-dir>/input.blif'..
Extracted 3473 gates and 3510 wires to a netlist network with 36 inputs and 18 outputs.

38.1.1. Executing ABC.
Running ABC command: "<yosys-exe-dir>/yosys-abc" -s -f <abc-temp-dir>/abc.script 2>&1
ABC: ABC command line: "source <abc-temp-dir>/abc.script".
ABC: 
ABC: + read_blif <abc-temp-dir>/input.blif 
ABC: + read_library <abc-temp-dir>/stdcells.genlib 
ABC: Entered genlib library with 13 gates from file "<abc-temp-dir>/stdcells.genlib".
ABC: + strash 
ABC: + dretime 
ABC: + map 
ABC: + write_blif <abc-temp-dir>/output.blif 

38.1.2. Re-integrating ABC results.
ABC RESULTS:              NAND cells:       65
ABC RESULTS:             ORNOT cells:       82
ABC RESULTS:              XNOR cells:      126
ABC RESULTS:               NOT cells:      194
ABC RESULTS:               NOR cells:      144
ABC RESULTS:               AND cells:      225
ABC RESULTS:               XOR cells:      524
ABC RESULTS:            ANDNOT cells:     1234
ABC RESULTS:                OR cells:      524
ABC RESULTS:               MUX cells:      229
ABC RESULTS:        internal signals:     3456
ABC RESULTS:           input signals:       36
ABC RESULTS:          output signals:       18
Removing temp directory.

39. Executing OPT pass (performing simple optimizations).

39.1. Executing OPT_EXPR pass (perform const folding).
Optimizing module alu.

39.2. Executing OPT_MERGE pass (detect identical cells).
Finding identical cells in module `\alu'.
<suppressed ~39 debug messages>
Removed a total of 13 cells.

39.3. Executing OPT_DFF pass (perform DFF optimizations).

39.4. Executing OPT_CLEAN pass (remove unused cells and wires).
Finding unused cells or wires in module \alu..
Removed 0 unused cells and 1108 unused wires.
<suppressed ~3 debug messages>

39.5. Finished fast OPT passes.

40. Executing HIERARCHY pass (managing design hierarchy).

40.1. Analyzing design hierarchy..
Top module:  \alu

40.2. Analyzing design hierarchy..
Top module:  \alu
Removed 0 unused modules.

41. Printing statistics.

=== alu ===

   Number of wires:               3322
   Number of wire bits:           3370
   Number of public wires:           6
   Number of public wire bits:      54
   Number of memories:               0
   Number of memory bits:            0
   Number of processes:              0
   Number of cells:               3334
     $_ANDNOT_                    1224
     $_AND_                        225
     $_MUX_                        229
     $_NAND_                        65
     $_NOR_                        142
     $_NOT_                        194
     $_ORNOT_                       82
     $_OR_                         523
     $_XNOR_                       126
     $_XOR_                        524

42. Executing CHECK pass (checking for obvious problems).
Checking module alu...
Found and reported 0 problems.

43. Generating Graphviz representation of design.
Writing dot description to `/home/shrey/ALU/runs/RUN_2026.06.03_05.54.08/tmp/synthesis/post_techmap.dot'.
Dumping module alu to page 1.

44. Executing SHARE pass (SAT-based resource sharing).

45. Executing OPT pass (performing simple optimizations).

45.1. Executing OPT_EXPR pass (perform const folding).
Optimizing module alu.

45.2. Executing OPT_MERGE pass (detect identical cells).
Finding identical cells in module `\alu'.
Removed a total of 0 cells.

45.3. Executing OPT_MUXTREE pass (detect dead branches in mux trees).
Running muxtree optimizer on module \alu..
  Creating internal representation of mux trees.
  No muxes found in this module.
Removed 0 multiplexer ports.

45.4. Executing OPT_REDUCE pass (consolidate $*mux and $reduce_* inputs).
  Optimizing cells in module \alu.
Performed a total of 0 changes.

45.5. Executing OPT_MERGE pass (detect identical cells).
Finding identical cells in module `\alu'.
Removed a total of 0 cells.

45.6. Executing OPT_DFF pass (perform DFF optimizations).

45.7. Executing OPT_CLEAN pass (remove unused cells and wires).
Finding unused cells or wires in module \alu..

45.8. Executing OPT_EXPR pass (perform const folding).
Optimizing module alu.

45.9. Finished OPT passes. (There is nothing left to do.)

46. Executing OPT_CLEAN pass (remove unused cells and wires).
Finding unused cells or wires in module \alu..

47. Printing statistics.

=== alu ===

   Number of wires:               3322
   Number of wire bits:           3370
   Number of public wires:           6
   Number of public wire bits:      54
   Number of memories:               0
   Number of memory bits:            0
   Number of processes:              0
   Number of cells:               3334
     $_ANDNOT_                    1224
     $_AND_                        225
     $_MUX_                        229
     $_NAND_                        65
     $_NOR_                        142
     $_NOT_                        194
     $_ORNOT_                       82
     $_OR_                         523
     $_XNOR_                       126
     $_XOR_                        524

mapping tbuf

48. Executing TECHMAP pass (map to technology primitives).

48.1. Executing Verilog-2005 frontend: /home/shrey/.ciel/sky130A/libs.tech/openlane/sky130_fd_sc_hd/tribuff_map.v
Parsing Verilog input from `/home/shrey/.ciel/sky130A/libs.tech/openlane/sky130_fd_sc_hd/tribuff_map.v' to AST representation.
Generating RTLIL representation for module `\$_TBUF_'.
Successfully finished Verilog frontend.

48.2. Continuing TECHMAP pass.
No more expansions possible.
<suppressed ~3 debug messages>

49. Executing SIMPLEMAP pass (map simple cells to gate primitives).

50. Executing TECHMAP pass (map to technology primitives).

50.1. Executing Verilog-2005 frontend: /home/shrey/.ciel/sky130A/libs.tech/openlane/sky130_fd_sc_hd/latch_map.v
Parsing Verilog input from `/home/shrey/.ciel/sky130A/libs.tech/openlane/sky130_fd_sc_hd/latch_map.v' to AST representation.
Generating RTLIL representation for module `\$_DLATCH_P_'.
Generating RTLIL representation for module `\$_DLATCH_N_'.
Successfully finished Verilog frontend.

50.2. Continuing TECHMAP pass.
No more expansions possible.
<suppressed ~4 debug messages>

51. Executing SIMPLEMAP pass (map simple cells to gate primitives).

52. Executing DFFLIBMAP pass (mapping DFF cells to sequential cells from liberty file).
  cell sky130_fd_sc_hd__dfxtp_2 (noninv, pins=3, area=21.27) is a direct match for cell type $_DFF_P_.
  cell sky130_fd_sc_hd__dfrtp_2 (noninv, pins=4, area=26.28) is a direct match for cell type $_DFF_PN0_.
  cell sky130_fd_sc_hd__dfstp_2 (noninv, pins=4, area=26.28) is a direct match for cell type $_DFF_PN1_.
  cell sky130_fd_sc_hd__dfbbn_2 (noninv, pins=6, area=35.03) is a direct match for cell type $_DFFSR_NNN_.
  final dff cell mappings:
    unmapped dff cell: $_DFF_N_
    \sky130_fd_sc_hd__dfxtp_2 _DFF_P_ (.CLK( C), .D( D), .Q( Q));
    unmapped dff cell: $_DFF_NN0_
    unmapped dff cell: $_DFF_NN1_
    unmapped dff cell: $_DFF_NP0_
    unmapped dff cell: $_DFF_NP1_
    \sky130_fd_sc_hd__dfrtp_2 _DFF_PN0_ (.CLK( C), .D( D), .Q( Q), .RESET_B( R));
    \sky130_fd_sc_hd__dfstp_2 _DFF_PN1_ (.CLK( C), .D( D), .Q( Q), .SET_B( R));
    unmapped dff cell: $_DFF_PP0_
    unmapped dff cell: $_DFF_PP1_
    \sky130_fd_sc_hd__dfbbn_2 _DFFSR_NNN_ (.CLK_N( C), .D( D), .Q( Q), .Q_N(~Q), .RESET_B( R), .SET_B( S));
    unmapped dff cell: $_DFFSR_NNP_
    unmapped dff cell: $_DFFSR_NPN_
    unmapped dff cell: $_DFFSR_NPP_
    unmapped dff cell: $_DFFSR_PNN_
    unmapped dff cell: $_DFFSR_PNP_
    unmapped dff cell: $_DFFSR_PPN_
    unmapped dff cell: $_DFFSR_PPP_

52.1. Executing DFFLEGALIZE pass (convert FFs to types supported by the target).
Mapping DFF cells in module `\alu':

53. Printing statistics.

=== alu ===

   Number of wires:               3322
   Number of wire bits:           3370
   Number of public wires:           6
   Number of public wire bits:      54
   Number of memories:               0
   Number of memory bits:            0
   Number of processes:              0
   Number of cells:               3334
     $_ANDNOT_                    1224
     $_AND_                        225
     $_MUX_                        229
     $_NAND_                        65
     $_NOR_                        142
     $_NOT_                        194
     $_ORNOT_                       82
     $_OR_                         523
     $_XNOR_                       126
     $_XOR_                        524

[INFO]: USING STRATEGY AREA 0

54. Executing ABC pass (technology mapping using ABC).

54.1. Extracting gate netlist of module `\alu' to `/tmp/yosys-abc-GRslCt/input.blif'..
Extracted 3334 gates and 3370 wires to a netlist network with 36 inputs and 18 outputs.

54.1.1. Executing ABC.
Running ABC command: "/build/bin/yosys-abc" -s -f /tmp/yosys-abc-GRslCt/abc.script 2>&1
ABC: ABC command line: "source /tmp/yosys-abc-GRslCt/abc.script".
ABC: 
ABC: + read_blif /tmp/yosys-abc-GRslCt/input.blif 
ABC: + read_lib -w /home/shrey/ALU/runs/RUN_2026.06.03_05.54.08/tmp/synthesis/trimmed.lib 
ABC: Parsing finished successfully.  Parsing time =     0.06 sec
ABC: Scl_LibertyReadGenlib() skipped sequential cell "sky130_fd_sc_hd__dfbbn_2".
ABC: Scl_LibertyReadGenlib() skipped sequential cell "sky130_fd_sc_hd__dfrbp_2".
ABC: Scl_LibertyReadGenlib() skipped sequential cell "sky130_fd_sc_hd__dfrtp_2".
ABC: Scl_LibertyReadGenlib() skipped sequential cell "sky130_fd_sc_hd__dfrtp_4".
ABC: Scl_LibertyReadGenlib() skipped sequential cell "sky130_fd_sc_hd__dfsbp_2".
ABC: Scl_LibertyReadGenlib() skipped sequential cell "sky130_fd_sc_hd__dfstp_2".
ABC: Scl_LibertyReadGenlib() skipped sequential cell "sky130_fd_sc_hd__dfstp_4".
ABC: Scl_LibertyReadGenlib() skipped sequential cell "sky130_fd_sc_hd__dfxbp_2".
ABC: Scl_LibertyReadGenlib() skipped sequential cell "sky130_fd_sc_hd__dfxtp_2".
ABC: Scl_LibertyReadGenlib() skipped sequential cell "sky130_fd_sc_hd__dfxtp_4".
ABC: Scl_LibertyReadGenlib() skipped sequential cell "sky130_fd_sc_hd__dlxtn_1".
ABC: Scl_LibertyReadGenlib() skipped sequential cell "sky130_fd_sc_hd__dlxtn_2".
ABC: Scl_LibertyReadGenlib() skipped sequential cell "sky130_fd_sc_hd__dlxtn_4".
ABC: Scl_LibertyReadGenlib() skipped sequential cell "sky130_fd_sc_hd__dlxtp_1".
ABC: Scl_LibertyReadGenlib() skipped three-state cell "sky130_fd_sc_hd__ebufn_2".
ABC: Scl_LibertyReadGenlib() skipped three-state cell "sky130_fd_sc_hd__ebufn_4".
ABC: Scl_LibertyReadGenlib() skipped three-state cell "sky130_fd_sc_hd__ebufn_8".
ABC: Library "sky130A_merged" from "/home/shrey/ALU/runs/RUN_2026.06.03_05.54.08/tmp/synthesis/trimmed.lib" has 175 cells (17 skipped: 14 seq; 3 tri-state; 0 no func; 0 dont_use).  Time =     0.09 sec
ABC: Memory =    9.54 MB. Time =     0.09 sec
ABC: Warning: Detected 2 multi-output gates (for example, "sky130_fd_sc_hd__fa_1").
ABC: + read_constr -v /home/shrey/ALU/runs/RUN_2026.06.03_05.54.08/tmp/synthesis/synthesis.sdc 
ABC: Setting driving cell to be "sky130_fd_sc_hd__inv_2".
ABC: Setting output load to be 33.442001.
ABC: + read_constr /home/shrey/ALU/runs/RUN_2026.06.03_05.54.08/tmp/synthesis/synthesis.sdc 
ABC: + fx 
ABC: Abc_NtkFastExtract: Nodes have duplicated fanins. FX is not performed.
ABC: + mfs 
ABC: + strash 
ABC: + refactor 
ABC: + balance 
ABC: + rewrite 
ABC: + refactor 
ABC: + balance 
ABC: + rewrite 
ABC: + rewrite -z 
ABC: + balance 
ABC: + refactor -z 
ABC: + rewrite -z 
ABC: + balance 
ABC: + retime -D -D 10000.0 -M 5 
ABC: + scleanup 
ABC: Error: The network is combinational.
ABC: + fraig_store 
ABC: + balance 
ABC: + fraig_store 
ABC: + balance 
ABC: + rewrite 
ABC: + refactor 
ABC: + balance 
ABC: + rewrite 
ABC: + rewrite -z 
ABC: + balance 
ABC: + refactor -z 
ABC: + rewrite -z 
ABC: + balance 
ABC: + fraig_store 
ABC: + balance 
ABC: + rewrite 
ABC: + refactor 
ABC: + balance 
ABC: + rewrite 
ABC: + rewrite -z 
ABC: + balance 
ABC: + refactor -z 
ABC: + rewrite -z 
ABC: + balance 
ABC: + fraig_store 
ABC: + balance 
ABC: + rewrite 
ABC: + refactor 
ABC: + balance 
ABC: + rewrite 
ABC: + rewrite -z 
ABC: + balance 
ABC: + refactor -z 
ABC: + rewrite -z 
ABC: + balance 
ABC: + fraig_store 
ABC: + fraig_restore 
ABC: + amap -m -Q 0.1 -F 20 -A 20 -C 5000 
ABC: + retime -D -D 10000.0 
ABC: + &get -n 
ABC: + &st 
ABC: + &dch 
ABC: + &nf 
ABC: + &put 
ABC: + buffer -N 10 -S 750.0 
ABC: + upsize -D 10000.0 
ABC: + dnsize -D 10000.0 
ABC: + stime -p 
ABC: WireLoad = "none"  Gates =   2173 ( 10.5 %)   Cap =  8.9 ff (  3.9 %)   Area =    19338.55 ( 86.2 %)   Delay = 23133.12 ps  ( 13.0 %)               
ABC: Path  0 --       2 : 0    9 pi                         A =   0.00  Df = 113.9  -62.8 ps  S = 167.0 ps  Cin =  0.0 ff  Cout =  35.5 ff  Cmax =   0.0 ff  G =    0  
ABC: Path  1 --    1021 : 4    8 sky130_fd_sc_hd__or4_4     A =  11.26  Df = 629.6 -325.0 ps  S = 110.0 ps  Cin =  2.4 ff  Cout =  18.6 ff  Cmax = 534.7 ff  G =  736  
ABC: Path  2 --    1038 : 3    4 sky130_fd_sc_hd__or3_4     A =  11.26  Df =1057.7 -592.0 ps  S =  94.9 ps  Cin =  2.4 ff  Cout =  24.3 ff  Cmax = 531.9 ff  G =  965  
ABC: Path  3 --    1040 : 5    5 sky130_fd_sc_hd__o41ai_4   A =  27.53  Df =1497.3 -925.0 ps  S = 373.7 ps  Cin =  8.5 ff  Cout =  16.1 ff  Cmax = 109.0 ff  G =  180  
ABC: Path  4 --    1042 : 3    2 sky130_fd_sc_hd__o21a_2    A =   8.76  Df =1737.2 -910.5 ps  S =  87.0 ps  Cin =  2.4 ff  Cout =  13.7 ff  Cmax = 294.8 ff  G =  537  
ABC: Path  5 --    1043 : 4    7 sky130_fd_sc_hd__o31ai_4   A =  21.27  Df =2038.2 -193.5 ps  S = 370.5 ps  Cin =  8.6 ff  Cout =  26.0 ff  Cmax = 144.7 ff  G =  290  
ABC: Path  6 --    1069 : 4    3 sky130_fd_sc_hd__o211a_2   A =  10.01  Df =2832.8  -12.8 ps  S =  78.6 ps  Cin =  2.4 ff  Cout =   9.2 ff  Cmax = 268.3 ff  G =  371  
ABC: Path  7 --    1094 : 5    4 sky130_fd_sc_hd__o221a_4   A =  20.02  Df =3632.3 -272.3 ps  S =  74.1 ps  Cin =  4.5 ff  Cout =  14.8 ff  Cmax = 488.0 ff  G =  311  
ABC: Path  8 --    1108 : 4    3 sky130_fd_sc_hd__or4_4     A =  11.26  Df =4114.0 -629.1 ps  S =  87.5 ps  Cin =  2.4 ff  Cout =   6.5 ff  Cmax = 534.7 ff  G =  259  
ABC: Path  9 --    1109 : 3    3 sky130_fd_sc_hd__a21o_2    A =   8.76  Df =4345.5 -415.9 ps  S =  47.2 ps  Cin =  2.4 ff  Cout =   6.4 ff  Cmax = 309.5 ff  G =  261  
ABC: Path 10 --    1112 : 5    3 sky130_fd_sc_hd__a221o_2   A =  11.26  Df =4704.9 -570.7 ps  S =  76.7 ps  Cin =  2.3 ff  Cout =  11.1 ff  Cmax = 299.4 ff  G =  459  
ABC: Path 11 --    1113 : 4    2 sky130_fd_sc_hd__a2bb2o_4  A =  20.02  Df =4919.0 -660.4 ps  S =  41.2 ps  Cin =  4.6 ff  Cout =   7.5 ff  Cmax = 502.6 ff  G =  154  
ABC: Path 12 --    1123 : 3    6 sky130_fd_sc_hd__a21oi_2   A =   8.76  Df =5147.1 -402.4 ps  S = 230.4 ps  Cin =  4.6 ff  Cout =  16.9 ff  Cmax = 128.2 ff  G =  353  
ABC: Path 13 --    1126 : 3    3 sky130_fd_sc_hd__o21ai_2   A =   8.76  Df =5259.1 -334.1 ps  S = 153.0 ps  Cin =  4.5 ff  Cout =   9.4 ff  Cmax = 139.2 ff  G =  201  
ABC: Path 14 --    1141 : 4    2 sky130_fd_sc_hd__a31o_2    A =   8.76  Df =5513.9   -1.5 ps  S =  74.0 ps  Cin =  2.4 ff  Cout =   9.1 ff  Cmax = 271.9 ff  G =  371  
ABC: Path 15 --    1149 : 4    4 sky130_fd_sc_hd__a211o_4   A =  17.52  Df =5853.2 -193.2 ps  S =  65.3 ps  Cin =  4.6 ff  Cout =  14.4 ff  Cmax = 559.4 ff  G =  300  
ABC: Path 16 --    1160 : 5    2 sky130_fd_sc_hd__o221a_4   A =  20.02  Df =6098.0 -254.4 ps  S =  50.3 ps  Cin =  4.5 ff  Cout =   6.9 ff  Cmax = 488.0 ff  G =  148  
ABC: Path 17 --    1167 : 4    3 sky130_fd_sc_hd__o22a_2    A =  10.01  Df =6306.7 -315.1 ps  S =  55.4 ps  Cin =  2.4 ff  Cout =   7.7 ff  Cmax = 304.9 ff  G =  303  
ABC: Path 18 --    1185 : 3    4 sky130_fd_sc_hd__or3_4     A =  11.26  Df =6692.4 -488.7 ps  S =  81.5 ps  Cin =  2.4 ff  Cout =  13.9 ff  Cmax = 531.9 ff  G =  561  
ABC: Path 19 --    1187 : 3    2 sky130_fd_sc_hd__and3_4    A =  11.26  Df =6886.8 -220.0 ps  S =  53.6 ps  Cin =  2.4 ff  Cout =   7.3 ff  Cmax = 532.8 ff  G =  284  
ABC: Path 20 --    1193 : 4    2 sky130_fd_sc_hd__or4b_4    A =  13.76  Df =7390.7 -330.6 ps  S =  84.2 ps  Cin =  2.2 ff  Cout =   5.0 ff  Cmax = 533.8 ff  G =  216  
ABC: Path 21 --    1207 : 4    1 sky130_fd_sc_hd__or4_4     A =  11.26  Df =7918.4 -709.3 ps  S =  77.8 ps  Cin =  2.4 ff  Cout =   2.5 ff  Cmax = 534.7 ff  G =   99  
ABC: Path 22 --    1210 : 4    3 sky130_fd_sc_hd__a31o_2    A =   8.76  Df =8204.9 -687.0 ps  S = 100.3 ps  Cin =  2.4 ff  Cout =  14.7 ff  Cmax = 271.9 ff  G =  594  
ABC: Path 23 --    1211 : 3   10 sky130_fd_sc_hd__a21oi_4   A =  16.27  Df =8471.2 -854.3 ps  S = 263.3 ps  Cin =  8.8 ff  Cout =  31.4 ff  Cmax = 221.6 ff  G =  339  
ABC: Path 24 --    1243 : 3    4 sky130_fd_sc_hd__mux2_2    A =  11.26  Df =8844.9 -839.6 ps  S = 121.7 ps  Cin =  2.3 ff  Cout =  20.4 ff  Cmax = 297.6 ff  G =  863  
ABC: Path 25 --    1279 : 4    2 sky130_fd_sc_hd__o211a_2   A =  10.01  Df =10335.7   -1.8 ps  S =  70.5 ps  Cin =  2.4 ff  Cout =   7.2 ff  Cmax = 268.3 ff  G =  285  
ABC: Path 26 --    1280 : 4    2 sky130_fd_sc_hd__or4_4     A =  11.26  Df =10740.8 -291.4 ps  S =  81.9 ps  Cin =  2.4 ff  Cout =   4.1 ff  Cmax = 534.7 ff  G =  163  
ABC: Path 27 --    1294 : 4    3 sky130_fd_sc_hd__or4_4     A =  11.26  Df =11285.2 -478.5 ps  S =  87.6 ps  Cin =  2.4 ff  Cout =   6.4 ff  Cmax = 534.7 ff  G =  259  
ABC: Path 28 --    1315 : 4    1 sky130_fd_sc_hd__a31o_2    A =   8.76  Df =11546.9 -575.9 ps  S =  68.8 ps  Cin =  2.4 ff  Cout =   8.7 ff  Cmax = 271.9 ff  G =  357  
ABC: Path 29 --    1322 : 4    3 sky130_fd_sc_hd__a31oi_4   A =  21.27  Df =11693.6 -641.1 ps  S = 151.1 ps  Cin =  8.5 ff  Cout =   9.2 ff  Cmax = 211.5 ff  G =  103  
ABC: Path 30 --    1323 : 1   10 sky130_fd_sc_hd__buf_4     A =   7.51  Df =11875.8 -652.4 ps  S =  91.4 ps  Cin =  2.4 ff  Cout =  28.9 ff  Cmax = 561.2 ff  G = 1148  
ABC: Path 31 --    1325 : 3    3 sky130_fd_sc_hd__or3b_4    A =  11.26  Df =12269.0 -806.4 ps  S =  75.9 ps  Cin =  2.1 ff  Cout =   9.6 ff  Cmax = 469.7 ff  G =  434  
ABC: Path 32 --    1356 : 3    2 sky130_fd_sc_hd__a21o_2    A =   8.76  Df =12488.0 -336.5 ps  S =  37.9 ps  Cin =  2.4 ff  Cout =   4.0 ff  Cmax = 309.5 ff  G =  164  
ABC: Path 33 --    1367 : 5    1 sky130_fd_sc_hd__a2111o_2  A =  12.51  Df =12947.0 -637.5 ps  S =  68.1 ps  Cin =  2.4 ff  Cout =   4.6 ff  Cmax = 324.1 ff  G =  182  
ABC: Path 34 --    1372 : 5    4 sky130_fd_sc_hd__a41o_4    A =  21.27  Df =13229.5 -560.4 ps  S =  77.9 ps  Cin =  4.3 ff  Cout =  16.7 ff  Cmax = 560.3 ff  G =  364  
ABC: Path 35 --    1381 : 4    4 sky130_fd_sc_hd__or4_4     A =  11.26  Df =13750.1 -928.1 ps  S = 111.0 ps  Cin =  2.4 ff  Cout =  18.3 ff  Cmax = 534.7 ff  G =  738  
ABC: Path 36 --    1396 : 3    9 sky130_fd_sc_hd__a21oi_4   A =  16.27  Df =14050.4 -988.8 ps  S = 307.5 ps  Cin =  8.8 ff  Cout =  38.6 ff  Cmax = 221.6 ff  G =  418  
ABC: Path 37 --    1414 : 3    3 sky130_fd_sc_hd__mux2_4    A =  15.01  Df =14355.7 -964.5 ps  S =  63.3 ps  Cin =  3.2 ff  Cout =  11.9 ff  Cmax = 536.5 ff  G =  357  
ABC: Path 38 --    1415 : 2    3 sky130_fd_sc_hd__xnor2_2   A =  16.27  Df =14533.9 -877.7 ps  S = 306.1 ps  Cin =  8.5 ff  Cout =  20.6 ff  Cmax = 121.8 ff  G =  233  
ABC: Path 39 --    1422 : 2    2 sky130_fd_sc_hd__nor2_4    A =  11.26  Df =14711.7 -962.7 ps  S = 141.0 ps  Cin =  8.7 ff  Cout =  18.0 ff  Cmax = 251.8 ff  G =  197  
ABC: Path 40 --    1423 : 4    5 sky130_fd_sc_hd__nand4bb_4 A =  27.53  Df =14866.8  -83.1 ps  S = 123.1 ps  Cin =  5.5 ff  Cout =  17.7 ff  Cmax = 356.1 ff  G =  309  
ABC: Path 41 --    1448 : 3    3 sky130_fd_sc_hd__a21o_2    A =   8.76  Df =15119.7   -7.5 ps  S =  82.7 ps  Cin =  2.4 ff  Cout =  13.8 ff  Cmax = 309.5 ff  G =  564  
ABC: Path 42 --    1465 : 3    4 sky130_fd_sc_hd__a21oi_4   A =  16.27  Df =15266.4  -81.5 ps  S = 143.2 ps  Cin =  8.8 ff  Cout =  12.6 ff  Cmax = 221.6 ff  G =  136  
ABC: Path 43 --    1466 : 1   10 sky130_fd_sc_hd__buf_4     A =   7.51  Df =15453.8 -103.8 ps  S = 101.2 ps  Cin =  2.4 ff  Cout =  32.8 ff  Cmax = 561.2 ff  G = 1300  
ABC: Path 44 --    1478 : 3    4 sky130_fd_sc_hd__mux2_4    A =  15.01  Df =15696.8  -24.8 ps  S =  66.4 ps  Cin =  3.2 ff  Cout =  14.1 ff  Cmax = 536.5 ff  G =  420  
ABC: Path 45 --    1479 : 2    2 sky130_fd_sc_hd__xnor2_2   A =  16.27  Df =15918.5  -49.2 ps  S = 279.0 ps  Cin =  8.5 ff  Cout =  18.3 ff  Cmax = 121.8 ff  G =  203  
ABC: Path 46 --    1482 : 5    4 sky130_fd_sc_hd__o311ai_4  A =  26.28  Df =16191.2 -126.1 ps  S = 336.2 ps  Cin =  8.5 ff  Cout =  18.5 ff  Cmax = 142.8 ff  G =  208  
ABC: Path 47 --    1511 : 4    5 sky130_fd_sc_hd__a211o_4   A =  17.52  Df =16490.8  -65.9 ps  S =  87.8 ps  Cin =  4.6 ff  Cout =  25.3 ff  Cmax = 559.4 ff  G =  528  
ABC: Path 48 --    1549 : 3    4 sky130_fd_sc_hd__a21oi_4   A =  16.27  Df =16648.0 -158.5 ps  S = 136.5 ps  Cin =  8.8 ff  Cout =  11.5 ff  Cmax = 221.6 ff  G =  122  
ABC: Path 49 --    1550 : 2    2 sky130_fd_sc_hd__nor2_2    A =   6.26  Df =16706.0 -107.8 ps  S = 114.4 ps  Cin =  4.4 ff  Cout =   7.9 ff  Cmax = 141.9 ff  G =  170  
ABC: Path 50 --    1551 : 1   10 sky130_fd_sc_hd__buf_4     A =   7.51  Df =16870.5  -89.8 ps  S = 106.2 ps  Cin =  2.4 ff  Cout =  34.8 ff  Cmax = 561.2 ff  G = 1386  
ABC: Path 51 --    1586 : 3    3 sky130_fd_sc_hd__mux2_2    A =  11.26  Df =17236.4 -168.6 ps  S =  89.2 ps  Cin =  2.3 ff  Cout =  13.4 ff  Cmax = 297.6 ff  G =  572  
ABC: Path 52 --    1587 : 2    4 sky130_fd_sc_hd__xnor2_2   A =  16.27  Df =17404.1 -181.5 ps  S = 165.1 ps  Cin =  8.5 ff  Cout =   8.4 ff  Cmax = 121.8 ff  G =   93  
ABC: Path 53 --    1594 : 4    2 sky130_fd_sc_hd__or4b_4    A =  13.76  Df =17721.0 -111.9 ps  S =  94.5 ps  Cin =  2.2 ff  Cout =  10.3 ff  Cmax = 533.8 ff  G =  444  
ABC: Path 54 --    1617 : 4    4 sky130_fd_sc_hd__a211o_4   A =  17.52  Df =18066.3 -108.2 ps  S =  67.8 ps  Cin =  4.6 ff  Cout =  16.3 ff  Cmax = 559.4 ff  G =  339  
ABC: Path 55 --    1632 : 3    6 sky130_fd_sc_hd__a21oi_4   A =  16.27  Df =18268.0 -238.2 ps  S = 200.3 ps  Cin =  8.8 ff  Cout =  21.6 ff  Cmax = 221.6 ff  G =  235  
ABC: Path 56 --    1654 : 1   10 sky130_fd_sc_hd__buf_6     A =  11.26  Df =18441.1 -267.7 ps  S =  87.0 ps  Cin =  4.6 ff  Cout =  37.9 ff  Cmax = 785.5 ff  G =  775  
ABC: Path 57 --    1659 : 4    2 sky130_fd_sc_hd__o211ai_4  A =  21.27  Df =18527.6   -7.9 ps  S = 176.4 ps  Cin =  8.8 ff  Cout =  11.4 ff  Cmax = 215.2 ff  G =  123  
ABC: Path 58 --    1662 : 3    4 sky130_fd_sc_hd__a21oi_4   A =  16.27  Df =18717.6  -25.4 ps  S = 149.0 ps  Cin =  8.8 ff  Cout =  13.5 ff  Cmax = 221.6 ff  G =  143  
ABC: Path 59 --    1663 : 3    1 sky130_fd_sc_hd__nor3_2    A =  10.01  Df =19009.5 -244.6 ps  S = 112.2 ps  Cin =  4.4 ff  Cout =   2.5 ff  Cmax =  92.5 ff  G =   54  
ABC: Path 60 --    1670 : 5    5 sky130_fd_sc_hd__a2111o_2  A =  12.51  Df =19279.5  -77.9 ps  S =  98.5 ps  Cin =  2.4 ff  Cout =  15.6 ff  Cmax = 324.1 ff  G =  622  
ABC: Path 61 --    1703 : 3    5 sky130_fd_sc_hd__a21o_2    A =   8.76  Df =19519.1 -142.8 ps  S =  89.5 ps  Cin =  2.4 ff  Cout =  15.6 ff  Cmax = 309.5 ff  G =  642  
ABC: Path 62 --    1734 : 3    2 sky130_fd_sc_hd__a21o_2    A =   8.76  Df =19714.2 -208.2 ps  S =  40.5 ps  Cin =  2.4 ff  Cout =   4.9 ff  Cmax = 309.5 ff  G =  200  
ABC: Path 63 --    1735 : 1   10 sky130_fd_sc_hd__buf_4     A =   7.51  Df =19873.2 -220.4 ps  S =  94.3 ps  Cin =  2.4 ff  Cout =  30.2 ff  Cmax = 561.2 ff  G = 1210  
ABC: Path 64 --    1766 : 5    1 sky130_fd_sc_hd__o311a_2   A =  11.26  Df =20008.3 -172.7 ps  S =  60.4 ps  Cin =  2.4 ff  Cout =   4.6 ff  Cmax = 293.9 ff  G =  188  
ABC: Path 65 --    1767 : 4    5 sky130_fd_sc_hd__o2bb2a_4  A =  20.02  Df =20255.3 -136.9 ps  S = 103.5 ps  Cin =  4.6 ff  Cout =  28.4 ff  Cmax = 497.1 ff  G =  593  
ABC: Path 66 --    1834 : 2    1 sky130_fd_sc_hd__xnor2_2   A =  16.27  Df =20397.7 -166.7 ps  S =  98.1 ps  Cin =  8.5 ff  Cout =   2.6 ff  Cmax = 121.8 ff  G =   28  
ABC: Path 67 --    1838 : 4    3 sky130_fd_sc_hd__or4_4     A =  11.26  Df =20925.0 -175.1 ps  S =  98.0 ps  Cin =  2.4 ff  Cout =  12.4 ff  Cmax = 534.7 ff  G =  483  
ABC: Path 68 --    1848 : 4    5 sky130_fd_sc_hd__a211o_4   A =  17.52  Df =21276.9 -154.5 ps  S =  71.5 ps  Cin =  4.6 ff  Cout =  18.7 ff  Cmax = 559.4 ff  G =  389  
ABC: Path 69 --    1855 : 3    4 sky130_fd_sc_hd__a21oi_4   A =  16.27  Df =21437.6 -253.0 ps  S = 145.4 ps  Cin =  8.8 ff  Cout =  12.9 ff  Cmax = 221.6 ff  G =  141  
ABC: Path 70 --    1856 : 1   10 sky130_fd_sc_hd__buf_4     A =   7.51  Df =21615.0 -269.1 ps  S =  86.9 ps  Cin =  2.4 ff  Cout =  27.2 ff  Cmax = 561.2 ff  G = 1074  
ABC: Path 71 --    1924 : 4    3 sky130_fd_sc_hd__o2bb2a_4  A =  20.02  Df =21742.7 -179.1 ps  S =  38.6 ps  Cin =  4.6 ff  Cout =   6.1 ff  Cmax = 497.1 ff  G =  126  
ABC: Path 72 --    1928 : 4    3 sky130_fd_sc_hd__a2bb2o_2  A =  11.26  Df =22005.5 -170.6 ps  S =  50.7 ps  Cin =  1.7 ff  Cout =   5.4 ff  Cmax = 300.3 ff  G =  302  
ABC: Path 73 --    1940 : 4    1 sky130_fd_sc_hd__or4b_4    A =  13.76  Df =22533.3 -383.8 ps  S =  83.5 ps  Cin =  2.2 ff  Cout =   4.5 ff  Cmax = 533.8 ff  G =  200  
ABC: Path 74 --    1942 : 4    1 sky130_fd_sc_hd__o211ai_2  A =  12.51  Df =22610.9 -256.1 ps  S = 107.9 ps  Cin =  4.4 ff  Cout =   2.4 ff  Cmax = 133.7 ff  G =   53  
ABC: Path 75 --    1947 : 5    1 sky130_fd_sc_hd__a41o_2    A =  11.26  Df =22800.5 -189.6 ps  S =  38.6 ps  Cin =  2.3 ff  Cout =   2.4 ff  Cmax = 325.0 ff  G =  100  
ABC: Path 76 --    1962 : 5    1 sky130_fd_sc_hd__a32o_2    A =  11.26  Df =22963.6  -92.7 ps  S =  57.0 ps  Cin =  2.3 ff  Cout =   5.0 ff  Cmax = 264.6 ff  G =  205  
ABC: Path 77 --    1992 : 3    1 sky130_fd_sc_hd__a21o_4    A =  15.01  Df =23133.1  -10.1 ps  S = 104.9 ps  Cin =  4.5 ff  Cout =  33.4 ff  Cmax = 568.6 ff  G =  737  
ABC: Start-point = pi1 (\B [15]).  End-point = po2 (\Out [0]).
ABC: + print_stats -m 
ABC: netlist                       : i/o =   36/   18  lat =    0  nd =  2173  edge =   5745  area =19341.91  delay =88.00  lev = 88
ABC: + write_blif /tmp/yosys-abc-GRslCt/output.blif 

54.1.2. Re-integrating ABC results.
ABC RESULTS:   sky130_fd_sc_hd__nor4_2 cells:        1
ABC RESULTS:   sky130_fd_sc_hd__and4bb_2 cells:        3
ABC RESULTS:   sky130_fd_sc_hd__o41ai_4 cells:        1
ABC RESULTS:   sky130_fd_sc_hd__o31ai_4 cells:        1
ABC RESULTS:   sky130_fd_sc_hd__a2bb2o_4 cells:        1
ABC RESULTS:   sky130_fd_sc_hd__or3_4 cells:        2
ABC RESULTS:   sky130_fd_sc_hd__o21bai_4 cells:        2
ABC RESULTS:   sky130_fd_sc_hd__o41a_4 cells:        1
ABC RESULTS:   sky130_fd_sc_hd__or4bb_2 cells:        1
ABC RESULTS:   sky130_fd_sc_hd__a31oi_4 cells:        1
ABC RESULTS:   sky130_fd_sc_hd__a41o_4 cells:        1
ABC RESULTS:   sky130_fd_sc_hd__o32a_2 cells:        1
ABC RESULTS:   sky130_fd_sc_hd__nor2_4 cells:        1
ABC RESULTS:   sky130_fd_sc_hd__nand4bb_4 cells:        1
ABC RESULTS:   sky130_fd_sc_hd__a211oi_4 cells:        1
ABC RESULTS:   sky130_fd_sc_hd__nor3b_2 cells:        2
ABC RESULTS:   sky130_fd_sc_hd__or3b_2 cells:        6
ABC RESULTS:   sky130_fd_sc_hd__o311ai_4 cells:        1
ABC RESULTS:   sky130_fd_sc_hd__a41oi_2 cells:        1
ABC RESULTS:   sky130_fd_sc_hd__o2111a_2 cells:        1
ABC RESULTS:   sky130_fd_sc_hd__a221oi_2 cells:        2
ABC RESULTS:   sky130_fd_sc_hd__a31o_4 cells:        1
ABC RESULTS:   sky130_fd_sc_hd__mux2_4 cells:        8
ABC RESULTS:   sky130_fd_sc_hd__and3_4 cells:        4
ABC RESULTS:   sky130_fd_sc_hd__nand2b_2 cells:        6
ABC RESULTS:   sky130_fd_sc_hd__or2_4 cells:        8
ABC RESULTS:   sky130_fd_sc_hd__o221a_4 cells:        3
ABC RESULTS:   sky130_fd_sc_hd__o211ai_4 cells:        1
ABC RESULTS:   sky130_fd_sc_hd__nor3_2 cells:       10
ABC RESULTS:   sky130_fd_sc_hd__nor2b_2 cells:        2
ABC RESULTS:   sky130_fd_sc_hd__buf_6 cells:        2
ABC RESULTS:   sky130_fd_sc_hd__and2_4 cells:        1
ABC RESULTS:   sky130_fd_sc_hd__or4_2 cells:       10
ABC RESULTS:   sky130_fd_sc_hd__or3b_4 cells:        2
ABC RESULTS:   sky130_fd_sc_hd__o21bai_2 cells:        3
ABC RESULTS:   sky130_fd_sc_hd__a311oi_2 cells:        2
ABC RESULTS:   sky130_fd_sc_hd__and4bb_4 cells:        1
ABC RESULTS:   sky130_fd_sc_hd__a221oi_4 cells:        1
ABC RESULTS:   sky130_fd_sc_hd__or4_4 cells:       10
ABC RESULTS:   sky130_fd_sc_hd__or4bb_4 cells:        1
ABC RESULTS:   sky130_fd_sc_hd__a211o_4 cells:        4
ABC RESULTS:   sky130_fd_sc_hd__or2b_2 cells:       11
ABC RESULTS:   sky130_fd_sc_hd__a21oi_4 cells:        7
ABC RESULTS:   sky130_fd_sc_hd__buf_4 cells:        6
ABC RESULTS:   sky130_fd_sc_hd__buf_2 cells:       14
ABC RESULTS:   sky130_fd_sc_hd__a22oi_2 cells:        8
ABC RESULTS:   sky130_fd_sc_hd__o221ai_2 cells:        2
ABC RESULTS:   sky130_fd_sc_hd__a32oi_2 cells:        1
ABC RESULTS:   sky130_fd_sc_hd__a31oi_2 cells:        1
ABC RESULTS:   sky130_fd_sc_hd__o221a_2 cells:        6
ABC RESULTS:   sky130_fd_sc_hd__o2bb2a_4 cells:        2
ABC RESULTS:   sky130_fd_sc_hd__xor2_2 cells:       41
ABC RESULTS:   sky130_fd_sc_hd__mux2_1 cells:        4
ABC RESULTS:   sky130_fd_sc_hd__o2bb2a_2 cells:       23
ABC RESULTS:   sky130_fd_sc_hd__nand4b_2 cells:        1
ABC RESULTS:   sky130_fd_sc_hd__or4b_4 cells:        5
ABC RESULTS:   sky130_fd_sc_hd__a21bo_2 cells:       20
ABC RESULTS:   sky130_fd_sc_hd__a21boi_2 cells:        6
ABC RESULTS:   sky130_fd_sc_hd__a41o_2 cells:        6
ABC RESULTS:   sky130_fd_sc_hd__o22ai_2 cells:        2
ABC RESULTS:   sky130_fd_sc_hd__nand4_2 cells:        6
ABC RESULTS:   sky130_fd_sc_hd__o311a_2 cells:        4
ABC RESULTS:   sky130_fd_sc_hd__and2b_2 cells:       24
ABC RESULTS:   sky130_fd_sc_hd__nand3b_2 cells:        1
ABC RESULTS:   sky130_fd_sc_hd__o211ai_2 cells:        9
ABC RESULTS:   sky130_fd_sc_hd__and4b_2 cells:       17
ABC RESULTS:   sky130_fd_sc_hd__and3_2 cells:       55
ABC RESULTS:   sky130_fd_sc_hd__and4_2 cells:       35
ABC RESULTS:   sky130_fd_sc_hd__o22a_2 cells:       20
ABC RESULTS:   sky130_fd_sc_hd__or4b_2 cells:        4
ABC RESULTS:   sky130_fd_sc_hd__a21o_4 cells:        1
ABC RESULTS:   sky130_fd_sc_hd__buf_1 cells:      109
ABC RESULTS:   sky130_fd_sc_hd__o31a_2 cells:       14
ABC RESULTS:   sky130_fd_sc_hd__or3_2 cells:       35
ABC RESULTS:   sky130_fd_sc_hd__o211a_2 cells:       29
ABC RESULTS:   sky130_fd_sc_hd__o21ba_2 cells:        9
ABC RESULTS:   sky130_fd_sc_hd__nand3_2 cells:       28
ABC RESULTS:   sky130_fd_sc_hd__a32o_2 cells:       12
ABC RESULTS:   sky130_fd_sc_hd__and2_2 cells:       87
ABC RESULTS:   sky130_fd_sc_hd__inv_2 cells:       97
ABC RESULTS:   sky130_fd_sc_hd__o31ai_2 cells:        2
ABC RESULTS:   sky130_fd_sc_hd__a21oi_2 cells:       82
ABC RESULTS:   sky130_fd_sc_hd__o21a_2 cells:       65
ABC RESULTS:   sky130_fd_sc_hd__a2111o_2 cells:        6
ABC RESULTS:   sky130_fd_sc_hd__mux2_2 cells:       38
ABC RESULTS:   sky130_fd_sc_hd__nand2_2 cells:      218
ABC RESULTS:   sky130_fd_sc_hd__or2_2 cells:      145
ABC RESULTS:   sky130_fd_sc_hd__a211oi_2 cells:       14
ABC RESULTS:   sky130_fd_sc_hd__nor2_2 cells:      200
ABC RESULTS:   sky130_fd_sc_hd__and3b_2 cells:        4
ABC RESULTS:   sky130_fd_sc_hd__a311o_2 cells:       12
ABC RESULTS:   sky130_fd_sc_hd__xnor2_2 cells:      160
ABC RESULTS:   sky130_fd_sc_hd__a2111oi_2 cells:        1
ABC RESULTS:   sky130_fd_sc_hd__o21ai_2 cells:       67
ABC RESULTS:   sky130_fd_sc_hd__a2bb2o_2 cells:        6
ABC RESULTS:   sky130_fd_sc_hd__a22o_2 cells:       54
ABC RESULTS:   sky130_fd_sc_hd__a211o_2 cells:       49
ABC RESULTS:   sky130_fd_sc_hd__a221o_2 cells:       29
ABC RESULTS:   sky130_fd_sc_hd__a21o_2 cells:       88
ABC RESULTS:   sky130_fd_sc_hd__a31o_2 cells:       59
ABC RESULTS:        internal signals:     3316
ABC RESULTS:           input signals:       36
ABC RESULTS:          output signals:       18
Removing temp directory.

55. Executing SETUNDEF pass (replace undef values with defined constants).

56. Executing HILOMAP pass (mapping to constant drivers).

57. Executing SPLITNETS pass (splitting up multi-bit signals).

58. Executing OPT_CLEAN pass (remove unused cells and wires).
Finding unused cells or wires in module \alu..
Removed 0 unused cells and 3370 unused wires.
<suppressed ~1 debug messages>

59. Executing INSBUF pass (insert buffer cells for connected wires).

60. Executing CHECK pass (checking for obvious problems).
Checking module alu...
Warning: Wire alu.\overflow is used but has no driver.
Warning: Wire alu.\e_bit is used but has no driver.
Warning: Wire alu.\Out [15] is used but has no driver.
Warning: Wire alu.\Out [14] is used but has no driver.
Warning: Wire alu.\Out [13] is used but has no driver.
Warning: Wire alu.\Out [12] is used but has no driver.
Warning: Wire alu.\Out [11] is used but has no driver.
Warning: Wire alu.\Out [10] is used but has no driver.
Warning: Wire alu.\Out [9] is used but has no driver.
Warning: Wire alu.\Out [8] is used but has no driver.
Warning: Wire alu.\Out [7] is used but has no driver.
Warning: Wire alu.\Out [6] is used but has no driver.
Warning: Wire alu.\Out [5] is used but has no driver.
Warning: Wire alu.\Out [4] is used but has no driver.
Warning: Wire alu.\Out [3] is used but has no driver.
Warning: Wire alu.\Out [2] is used but has no driver.
Warning: Wire alu.\Out [1] is used but has no driver.
Warning: Wire alu.\Out [0] is used but has no driver.
Found and reported 18 problems.

61. Printing statistics.

=== alu ===

   Number of wires:               2161
   Number of wire bits:           2209
   Number of public wires:           6
   Number of public wire bits:      54
   Number of memories:               0
   Number of memory bits:            0
   Number of processes:              0
   Number of cells:               2173
     sky130_fd_sc_hd__a2111o_2       6
     sky130_fd_sc_hd__a2111oi_2      1
     sky130_fd_sc_hd__a211o_2       49
     sky130_fd_sc_hd__a211o_4        4
     sky130_fd_sc_hd__a211oi_2      14
     sky130_fd_sc_hd__a211oi_4       1
     sky130_fd_sc_hd__a21bo_2       20
     sky130_fd_sc_hd__a21boi_2       6
     sky130_fd_sc_hd__a21o_2        88
     sky130_fd_sc_hd__a21o_4         1
     sky130_fd_sc_hd__a21oi_2       82
     sky130_fd_sc_hd__a21oi_4        7
     sky130_fd_sc_hd__a221o_2       29
     sky130_fd_sc_hd__a221oi_2       2
     sky130_fd_sc_hd__a221oi_4       1
     sky130_fd_sc_hd__a22o_2        54
     sky130_fd_sc_hd__a22oi_2        8
     sky130_fd_sc_hd__a2bb2o_2       6
     sky130_fd_sc_hd__a2bb2o_4       1
     sky130_fd_sc_hd__a311o_2       12
     sky130_fd_sc_hd__a311oi_2       2
     sky130_fd_sc_hd__a31o_2        59
     sky130_fd_sc_hd__a31o_4         1
     sky130_fd_sc_hd__a31oi_2        1
     sky130_fd_sc_hd__a31oi_4        1
     sky130_fd_sc_hd__a32o_2        12
     sky130_fd_sc_hd__a32oi_2        1
     sky130_fd_sc_hd__a41o_2         6
     sky130_fd_sc_hd__a41o_4         1
     sky130_fd_sc_hd__a41oi_2        1
     sky130_fd_sc_hd__and2_2        87
     sky130_fd_sc_hd__and2_4         1
     sky130_fd_sc_hd__and2b_2       24
     sky130_fd_sc_hd__and3_2        55
     sky130_fd_sc_hd__and3_4         4
     sky130_fd_sc_hd__and3b_2        4
     sky130_fd_sc_hd__and4_2        35
     sky130_fd_sc_hd__and4b_2       17
     sky130_fd_sc_hd__and4bb_2       3
     sky130_fd_sc_hd__and4bb_4       1
     sky130_fd_sc_hd__buf_1        109
     sky130_fd_sc_hd__buf_2         14
     sky130_fd_sc_hd__buf_4          6
     sky130_fd_sc_hd__buf_6          2
     sky130_fd_sc_hd__inv_2         97
     sky130_fd_sc_hd__mux2_1         4
     sky130_fd_sc_hd__mux2_2        38
     sky130_fd_sc_hd__mux2_4         8
     sky130_fd_sc_hd__nand2_2      218
     sky130_fd_sc_hd__nand2b_2       6
     sky130_fd_sc_hd__nand3_2       28
     sky130_fd_sc_hd__nand3b_2       1
     sky130_fd_sc_hd__nand4_2        6
     sky130_fd_sc_hd__nand4b_2       1
     sky130_fd_sc_hd__nand4bb_4      1
     sky130_fd_sc_hd__nor2_2       200
     sky130_fd_sc_hd__nor2_4         1
     sky130_fd_sc_hd__nor2b_2        2
     sky130_fd_sc_hd__nor3_2        10
     sky130_fd_sc_hd__nor3b_2        2
     sky130_fd_sc_hd__nor4_2         1
     sky130_fd_sc_hd__o2111a_2       1
     sky130_fd_sc_hd__o211a_2       29
     sky130_fd_sc_hd__o211ai_2       9
     sky130_fd_sc_hd__o211ai_4       1
     sky130_fd_sc_hd__o21a_2        65
     sky130_fd_sc_hd__o21ai_2       67
     sky130_fd_sc_hd__o21ba_2        9
     sky130_fd_sc_hd__o21bai_2       3
     sky130_fd_sc_hd__o21bai_4       2
     sky130_fd_sc_hd__o221a_2        6
     sky130_fd_sc_hd__o221a_4        3
     sky130_fd_sc_hd__o221ai_2       2
     sky130_fd_sc_hd__o22a_2        20
     sky130_fd_sc_hd__o22ai_2        2
     sky130_fd_sc_hd__o2bb2a_2      23
     sky130_fd_sc_hd__o2bb2a_4       2
     sky130_fd_sc_hd__o311a_2        4
     sky130_fd_sc_hd__o311ai_4       1
     sky130_fd_sc_hd__o31a_2        14
     sky130_fd_sc_hd__o31ai_2        2
     sky130_fd_sc_hd__o31ai_4        1
     sky130_fd_sc_hd__o32a_2         1
     sky130_fd_sc_hd__o41a_4         1
     sky130_fd_sc_hd__o41ai_4        1
     sky130_fd_sc_hd__or2_2        145
     sky130_fd_sc_hd__or2_4          8
     sky130_fd_sc_hd__or2b_2        11
     sky130_fd_sc_hd__or3_2         35
     sky130_fd_sc_hd__or3_4          2
     sky130_fd_sc_hd__or3b_2         6
     sky130_fd_sc_hd__or3b_4         2
     sky130_fd_sc_hd__or4_2         10
     sky130_fd_sc_hd__or4_4         10
     sky130_fd_sc_hd__or4b_2         4
     sky130_fd_sc_hd__or4b_4         5
     sky130_fd_sc_hd__or4bb_2        1
     sky130_fd_sc_hd__or4bb_4        1
     sky130_fd_sc_hd__xnor2_2      160
     sky130_fd_sc_hd__xor2_2        41

   Chip area for module '\alu': 19338.547200

62. Executing Verilog backend.
Dumping module `\alu'.

Warnings: 18 unique messages, 18 total
End of script. Logfile hash: a49df5256e, CPU: user 6.00s system 0.38s, MEM: 77.23 MB peak
Yosys 0.30+48 (git sha1 14d50a176d5, gcc 8.3.1 -fPIC -Os)
Time spent: 47% 2x abc (5 sec), 16% 49x opt_expr (1 sec), ...
